Using pre-set license
Built from '2022.1/staging' branch; Version is '2022.1.23f1 (9636b062134a) revision 9844400'; Using compiler version '192829333'; Build Type 'Release'
OS: 'Windows 11  (10.0.22000) 64bit Professional' Language: 'en' Physical Memory: 16147 MB
BatchMode: 1, IsHumanControllingUs: 0, StartBugReporterOnCrash: 0, Is64bit: 1, IsPro: 1

COMMAND LINE ARGUMENTS:
C:\Program Files\Unity\Hub\Editor\2022.1.23f1\Editor\Unity.exe
-adb2
-batchMode
-noUpm
-name
AssetImportWorker2
-projectPath
C:/Users/habib/OneDrive/Desktop/First-RDW/First RDW
-logFile
Logs/AssetImportWorker2.log
-srvPort
51003
Successfully changed project path to: C:/Users/habib/OneDrive/Desktop/First-RDW/First RDW
C:/Users/habib/OneDrive/Desktop/First-RDW/First RDW
[UnityMemory] Configuration Parameters - Can be set up in boot.config
    "memorysetup-bucket-allocator-granularity=16"
    "memorysetup-bucket-allocator-bucket-count=8"
    "memorysetup-bucket-allocator-block-size=33554432"
    "memorysetup-bucket-allocator-block-count=8"
    "memorysetup-main-allocator-block-size=16777216"
    "memorysetup-thread-allocator-block-size=16777216"
    "memorysetup-gfx-main-allocator-block-size=16777216"
    "memorysetup-gfx-thread-allocator-block-size=16777216"
    "memorysetup-cache-allocator-block-size=4194304"
    "memorysetup-typetree-allocator-block-size=2097152"
    "memorysetup-profiler-bucket-allocator-granularity=16"
    "memorysetup-profiler-bucket-allocator-bucket-count=8"
    "memorysetup-profiler-bucket-allocator-block-size=33554432"
    "memorysetup-profiler-bucket-allocator-block-count=8"
    "memorysetup-profiler-allocator-block-size=16777216"
    "memorysetup-profiler-editor-allocator-block-size=1048576"
    "memorysetup-temp-allocator-size-main=16777216"
    "memorysetup-job-temp-allocator-block-size=2097152"
    "memorysetup-job-temp-allocator-block-size-background=1048576"
    "memorysetup-job-temp-allocator-reduction-small-platforms=262144"
    "memorysetup-temp-allocator-size-background-worker=32768"
    "memorysetup-temp-allocator-size-job-worker=262144"
    "memorysetup-temp-allocator-size-preload-manager=33554432"
    "memorysetup-temp-allocator-size-nav-mesh-worker=65536"
    "memorysetup-temp-allocator-size-audio-worker=65536"
    "memorysetup-temp-allocator-size-cloud-worker=32768"
    "memorysetup-temp-allocator-size-gi-baking-worker=262144"
    "memorysetup-temp-allocator-size-gfx=262144"
Refreshing native plugins compatible for Editor in 108.65 ms, found 11 plugins.
Preloading 1 native plugins for Editor in 0.45 ms.
Initialize engine version: 2022.1.23f1 (9636b062134a)
[Subsystems] Discovering subsystems at path C:/Program Files/Unity/Hub/Editor/2022.1.23f1/Editor/Data/Resources/UnitySubsystems
[Subsystems] Discovering subsystems at path C:/Users/habib/OneDrive/Desktop/First-RDW/First RDW/Assets
GfxDevice: creating device client; threaded=0; jobified=0
Direct3D:
    Version:  Direct3D 11.0 [level 11.1]
    Renderer: NVIDIA GeForce RTX 2070 (ID=0x1f02)
    Vendor:   NVIDIA
    VRAM:     8019 MB
    Driver:   31.0.15.2686
Initialize mono
Mono path[0] = 'C:/Program Files/Unity/Hub/Editor/2022.1.23f1/Editor/Data/Managed'
Mono path[1] = 'C:/Program Files/Unity/Hub/Editor/2022.1.23f1/Editor/Data/MonoBleedingEdge/lib/mono/unityjit-win32'
Mono config path = 'C:/Program Files/Unity/Hub/Editor/2022.1.23f1/Editor/Data/MonoBleedingEdge/etc'
Using monoOptions --debugger-agent=transport=dt_socket,embedding=1,server=y,suspend=n,address=127.0.0.1:56188
Begin MonoManager ReloadAssembly
Registering precompiled unity dll's ...
Register platform support module: C:/Program Files/Unity/Hub/Editor/2022.1.23f1/Editor/Data/PlaybackEngines/AndroidPlayer/UnityEditor.Android.Extensions.dll
Register platform support module: C:/Program Files/Unity/Hub/Editor/2022.1.23f1/Editor/Data/PlaybackEngines/WindowsStandaloneSupport/UnityEditor.WindowsStandalone.Extensions.dll
Registered in 0.003517 seconds.
Native extension for WindowsStandalone target not found
Native extension for Android target not found
Refreshing native plugins compatible for Editor in 90.28 ms, found 11 plugins.
Preloading 1 native plugins for Editor in 0.05 ms.
Mono: successfully reloaded assembly
- Completed reload, in  0.625 seconds
Domain Reload Profiling:
	ReloadAssembly (625ms)
		BeginReloadAssembly (60ms)
			ExecutionOrderSort (0ms)
			DisableScriptedObjects (0ms)
			BackupInstance (0ms)
			ReleaseScriptingObjects (0ms)
			CreateAndSetChildDomain (1ms)
		EndReloadAssembly (479ms)
			LoadAssemblies (59ms)
			RebuildTransferFunctionScriptingTraits (0ms)
			SetupTypeCache (112ms)
				TypeCache.Initialize (111ms)
					TypeCache.ScanAssembly (110ms)
				ResolveRequiredComponents (0ms)
			ReleaseScriptCaches (0ms)
			RebuildScriptCaches (21ms)
			SetupLoadedEditorAssemblies (296ms)
				LogAssemblyErrors (0ms)
				InitializePlatformSupportModulesInManaged (47ms)
				SetLoadedEditorAssemblies (8ms)
				RefreshPlugins (90ms)
				BeforeProcessingInitializeOnLoad (1ms)
				ProcessInitializeOnLoadAttributes (103ms)
				ProcessInitializeOnLoadMethodAttributes (45ms)
				AfterProcessingInitializeOnLoad (0ms)
				EditorAssembliesLoaded (0ms)
			ExecutionOrderSort2 (0ms)
			AwakeInstancesAfterBackupRestoration (0ms)
Platform modules already initialized, skipping
Registering precompiled user dll's ...
Registered in 0.008438 seconds.
Begin MonoManager ReloadAssembly
Symbol file data-0000021FBBB08610 doesn't match image C:\Users\habib\OneDrive\Desktop\First-RDW\First RDW\Library\ScriptAssemblies\Unity.VSCode.Editor.dll
Symbol file LoadedFromMemory is not a mono symbol file
Symbol file data-0000021FBB07BE50 doesn't match image C:\Users\habib\OneDrive\Desktop\First-RDW\First RDW\Library\ScriptAssemblies\Unity.InternalAPIEditorBridge.003.dll
Symbol file LoadedFromMemory is not a mono symbol file
Symbol file data-0000021FBC248020 doesn't match image C:\Users\habib\OneDrive\Desktop\First-RDW\First RDW\Library\ScriptAssemblies\Unity.RenderPipelines.Universal.Shaders.dll
Symbol file LoadedFromMemory is not a mono symbol file
Symbol file data-0000021FBB0D5020 doesn't match image C:\Users\habib\OneDrive\Desktop\First-RDW\First RDW\Library\ScriptAssemblies\Unity.TextMeshPro.Editor.dll
Symbol file LoadedFromMemory is not a mono symbol file
Symbol file data-0000021FBBB08610 doesn't match image C:\Users\habib\OneDrive\Desktop\First-RDW\First RDW\Library\ScriptAssemblies\Unity.Services.Core.Telemetry.dll
Symbol file LoadedFromMemory is not a mono symbol file
Symbol file data-0000021FBAF66E20 doesn't match image C:\Users\habib\OneDrive\Desktop\First-RDW\First RDW\Library\ScriptAssemblies\Unity.VectorGraphics.dll
Symbol file LoadedFromMemory is not a mono symbol file
Symbol file data-0000021FBB07BE50 doesn't match image C:\Users\habib\OneDrive\Desktop\First-RDW\First RDW\Library\ScriptAssemblies\Unity.Services.Core.Networking.dll
Symbol file LoadedFromMemory is not a mono symbol file
Symbol file data-0000021FBBB08610 doesn't match image C:\Users\habib\OneDrive\Desktop\First-RDW\First RDW\Library\ScriptAssemblies\Unity.VisualScripting.State.Editor.dll
Symbol file LoadedFromMemory is not a mono symbol file
Symbol file data-0000021FBBE32020 doesn't match image C:\Users\habib\OneDrive\Desktop\First-RDW\First RDW\Library\ScriptAssemblies\UnityEditor.TestRunner.dll
Symbol file LoadedFromMemory is not a mono symbol file
Symbol file data-0000021FBBE32020 doesn't match image C:\Users\habib\OneDrive\Desktop\First-RDW\First RDW\Library\ScriptAssemblies\Unity.Searcher.Editor.dll
Symbol file LoadedFromMemory is not a mono symbol file
Symbol file data-0000021FBB07BE50 doesn't match image C:\Users\habib\OneDrive\Desktop\First-RDW\First RDW\Library\ScriptAssemblies\Unity.VisualScripting.SettingsProvider.Editor.dll
Symbol file LoadedFromMemory is not a mono symbol file
Symbol file data-0000021FBBE3D830 doesn't match image C:\Users\habib\OneDrive\Desktop\First-RDW\First RDW\Library\ScriptAssemblies\Unity.Burst.CodeGen.dll
Symbol file LoadedFromMemory is not a mono symbol file
Symbol file data-0000021FBB07BE50 doesn't match image C:\Users\habib\OneDrive\Desktop\First-RDW\First RDW\Library\ScriptAssemblies\Unity.ShaderGraph.Utilities.dll
Symbol file LoadedFromMemory is not a mono symbol file
Symbol file data-0000021FBAF9B850 doesn't match image C:\Users\habib\OneDrive\Desktop\First-RDW\First RDW\Library\ScriptAssemblies\UnityEditor.UI.dll
Symbol file LoadedFromMemory is not a mono symbol file
Symbol file data-0000021FB6A67670 doesn't match image C:\Users\habib\OneDrive\Desktop\First-RDW\First RDW\Library\ScriptAssemblies\Unity.InputSystem.dll
Symbol file LoadedFromMemory is not a mono symbol file
Symbol file data-0000021FBAF9B850 doesn't match image C:\Users\habib\OneDrive\Desktop\First-RDW\First RDW\Library\ScriptAssemblies\Unity.Rider.Editor.dll
Symbol file LoadedFromMemory is not a mono symbol file
Symbol file data-0000021FBC248020 doesn't match image C:\Users\habib\OneDrive\Desktop\First-RDW\First RDW\Library\ScriptAssemblies\Unity.RenderPipelines.Core.ShaderLibrary.dll
Symbol file LoadedFromMemory is not a mono symbol file
Symbol file data-0000021FBBE3D830 doesn't match image C:\Users\habib\OneDrive\Desktop\First-RDW\First RDW\Library\ScriptAssemblies\Unity.Services.Core.Internal.dll
Symbol file LoadedFromMemory is not a mono symbol file
Symbol file data-0000021FBB07BE50 doesn't match image C:\Users\habib\OneDrive\Desktop\First-RDW\First RDW\Library\ScriptAssemblies\UnityEngine.SpatialTracking.dll
Symbol file LoadedFromMemory is not a mono symbol file
Symbol file data-0000021FBC317C20 doesn't match image C:\Users\habib\OneDrive\Desktop\First-RDW\First RDW\Library\ScriptAssemblies\UnityEngine.UI.dll
Symbol file LoadedFromMemory is not a mono symbol file
Symbol file data-0000021FBB07BE50 doesn't match image C:\Users\habib\OneDrive\Desktop\First-RDW\First RDW\Library\ScriptAssemblies\Unity.Services.Core.Configuration.dll
Symbol file LoadedFromMemory is not a mono symbol file
Symbol file data-0000021FBB110A30 doesn't match image C:\Users\habib\OneDrive\Desktop\First-RDW\First RDW\Library\ScriptAssemblies\Unity.XR.CoreUtils.Editor.dll
Symbol file LoadedFromMemory is not a mono symbol file
Symbol file data-0000021FB6A67670 doesn't match image C:\Users\habib\OneDrive\Desktop\First-RDW\First RDW\Library\ScriptAssemblies\Unity.ShaderGraph.Editor.dll
Symbol file LoadedFromMemory is not a mono symbol file
Symbol file data-0000021FBB07BE50 doesn't match image C:\Users\habib\OneDrive\Desktop\First-RDW\First RDW\Library\ScriptAssemblies\Unity.Services.Core.Configuration.Editor.dll
Symbol file LoadedFromMemory is not a mono symbol file
Symbol file data-0000021FBBB12A20 doesn't match image C:\Users\habib\OneDrive\Desktop\First-RDW\First RDW\Library\ScriptAssemblies\Unity.Services.Core.Registration.dll
Symbol file LoadedFromMemory is not a mono symbol file
Symbol file data-0000021FBBE4CE50 doesn't match image C:\Users\habib\OneDrive\Desktop\First-RDW\First RDW\Library\ScriptAssemblies\Unity.Services.Core.Environments.Internal.dll
Symbol file LoadedFromMemory is not a mono symbol file
Symbol file data-0000021FBBE4CE50 doesn't match image C:\Users\habib\OneDrive\Desktop\First-RDW\First RDW\Library\ScriptAssemblies\Unity.RenderPipeline.Universal.ShaderLibrary.dll
Symbol file LoadedFromMemory is not a mono symbol file
Symbol file data-0000021FBB110A30 doesn't match image C:\Users\habib\OneDrive\Desktop\First-RDW\First RDW\Library\ScriptAssemblies\Unity.XR.Management.dll
Symbol file LoadedFromMemory is not a mono symbol file
Symbol file data-0000021FB6A4DA30 doesn't match image C:\Users\habib\OneDrive\Desktop\First-RDW\First RDW\Library\ScriptAssemblies\Unity.CollabProxy.Editor.dll
Symbol file LoadedFromMemory is not a mono symbol file
Symbol file data-0000021FB6A4DA30 doesn't match image C:\Users\habib\OneDrive\Desktop\First-RDW\First RDW\Library\ScriptAssemblies\Unity.Mathematics.Editor.dll
Symbol file LoadedFromMemory is not a mono symbol file
Symbol file data-0000021FB6A4DA30 doesn't match image C:\Users\habib\OneDrive\Desktop\First-RDW\First RDW\Library\ScriptAssemblies\Unity.Services.Core.Threading.dll
Symbol file LoadedFromMemory is not a mono symbol file
Symbol file data-0000021FB6A50840 doesn't match image C:\Users\habib\OneDrive\Desktop\First-RDW\First RDW\Library\ScriptAssemblies\Unity.XR.OpenXR.Features.RuntimeDebugger.dll
Symbol file LoadedFromMemory is not a mono symbol file
Symbol file data-0000021FB6A58050 doesn't match image C:\Users\habib\OneDrive\Desktop\First-RDW\First RDW\Library\ScriptAssemblies\Unity.XR.Oculus.Editor.dll
Symbol file LoadedFromMemory is not a mono symbol file
Symbol file data-0000021FBA7BC200 doesn't match image C:\Users\habib\OneDrive\Desktop\First-RDW\First RDW\Library\ScriptAssemblies\Unity.VisualScripting.Flow.Editor.dll
Symbol file LoadedFromMemory is not a mono symbol file
Symbol file data-0000021FB6B03680 doesn't match image C:\Users\habib\OneDrive\Desktop\First-RDW\First RDW\Library\ScriptAssemblies\Unity.RenderPipelines.Universal.Runtime.dll
Symbol file LoadedFromMemory is not a mono symbol file
Symbol file data-0000021FB6A58050 doesn't match image C:\Users\habib\OneDrive\Desktop\First-RDW\First RDW\Library\ScriptAssemblies\PPv2URPConverters.dll
Symbol file LoadedFromMemory is not a mono symbol file
Symbol file data-0000021FBA250C90 doesn't match image C:\Users\habib\OneDrive\Desktop\First-RDW\First RDW\Library\ScriptAssemblies\Unity.VisualStudio.Editor.dll
Symbol file LoadedFromMemory is not a mono symbol file
Symbol file data-0000021FB6A58050 doesn't match image C:\Users\habib\OneDrive\Desktop\First-RDW\First RDW\Library\ScriptAssemblies\Unity.XR.OpenXR.Features.OculusQuestSupport.Editor.dll
Symbol file LoadedFromMemory is not a mono symbol file
Symbol file data-0000021FB6B21490 doesn't match image C:\Users\habib\OneDrive\Desktop\First-RDW\First RDW\Library\ScriptAssemblies\UnityEngine.TestRunner.dll
Symbol file LoadedFromMemory is not a mono symbol file
Symbol file data-0000021FB6B358A0 doesn't match image C:\Users\habib\OneDrive\Desktop\First-RDW\First RDW\Library\ScriptAssemblies\Unity.XR.Management.Editor.dll
Symbol file LoadedFromMemory is not a mono symbol file
Symbol file data-0000021FB6B358A0 doesn't match image C:\Users\habib\OneDrive\Desktop\First-RDW\First RDW\Library\ScriptAssemblies\Unity.Timeline.dll
Symbol file LoadedFromMemory is not a mono symbol file
Symbol file data-0000021FBAD6C010 doesn't match image C:\Users\habib\OneDrive\Desktop\First-RDW\First RDW\Library\ScriptAssemblies\Unity.VisualScripting.Core.Editor.dll
Symbol file LoadedFromMemory is not a mono symbol file
Symbol file data-0000021FBA7E0C10 doesn't match image C:\Users\habib\OneDrive\Desktop\First-RDW\First RDW\Library\ScriptAssemblies\Unity.TextMeshPro.dll
Symbol file LoadedFromMemory is not a mono symbol file
Symbol file data-0000021FB6A58050 doesn't match image C:\Users\habib\OneDrive\Desktop\First-RDW\First RDW\Library\ScriptAssemblies\Unity.InternalAPIEngineBridge.003.dll
Symbol file LoadedFromMemory is not a mono symbol file
Symbol file data-0000021FBADD8020 doesn't match image C:\Users\habib\OneDrive\Desktop\First-RDW\First RDW\Library\ScriptAssemblies\Unity.Burst.Editor.dll
Symbol file LoadedFromMemory is not a mono symbol file
Symbol file data-0000021FBA809C20 doesn't match image C:\Users\habib\OneDrive\Desktop\First-RDW\First RDW\Library\ScriptAssemblies\Unity.XR.Interaction.Toolkit.dll
Symbol file LoadedFromMemory is not a mono symbol file
Symbol file data-0000021FB6A58050 doesn't match image C:\Users\habib\OneDrive\Desktop\First-RDW\First RDW\Library\ScriptAssemblies\Unity.XR.OpenXR.Features.MockRuntime.dll
Symbol file LoadedFromMemory is not a mono symbol file
Symbol file data-0000021FB6B358A0 doesn't match image C:\Users\habib\OneDrive\Desktop\First-RDW\First RDW\Library\ScriptAssemblies\Unity.2D.Sprite.Editor.dll
Symbol file LoadedFromMemory is not a mono symbol file
Symbol file data-0000021FBACE2660 doesn't match image C:\Users\habib\OneDrive\Desktop\First-RDW\First RDW\Library\ScriptAssemblies\Unity.RenderPipelines.Core.Runtime.dll
Symbol file LoadedFromMemory is not a mono symbol file
Symbol file data-0000021FBC0A1010 doesn't match image C:\Users\habib\OneDrive\Desktop\First-RDW\First RDW\Library\ScriptAssemblies\Unity.VisualScripting.Flow.dll
Symbol file LoadedFromMemory is not a mono symbol file
Symbol file data-0000021FBC12DA20 doesn't match image C:\Users\habib\OneDrive\Desktop\First-RDW\First RDW\Library\ScriptAssemblies\Unity.PlasticSCM.Editor.dll
Symbol file LoadedFromMemory is not a mono symbol file
Symbol file data-0000021FB6A58050 doesn't match image C:\Users\habib\OneDrive\Desktop\First-RDW\First RDW\Library\ScriptAssemblies\Unity.XR.OpenXR.Features.OculusQuestSupport.dll
Symbol file LoadedFromMemory is not a mono symbol file
Symbol file data-0000021FBBBB6430 doesn't match image C:\Users\habib\OneDrive\Desktop\First-RDW\First RDW\Library\ScriptAssemblies\Unity.Services.Core.dll
Symbol file LoadedFromMemory is not a mono symbol file
Symbol file data-0000021FBC12DA20 doesn't match image C:\Users\habib\OneDrive\Desktop\First-RDW\First RDW\Library\ScriptAssemblies\Unity.VisualScripting.Core.dll
Symbol file LoadedFromMemory is not a mono symbol file
Symbol file data-0000021FBC12DA20 doesn't match image C:\Users\habib\OneDrive\Desktop\First-RDW\First RDW\Library\ScriptAssemblies\Unity.Mathematics.dll
Symbol file LoadedFromMemory is not a mono symbol file
Symbol file data-0000021FB6B47CB0 doesn't match image C:\Users\habib\OneDrive\Desktop\First-RDW\First RDW\Library\ScriptAssemblies\Unity.Services.Core.Editor.dll
Symbol file LoadedFromMemory is not a mono symbol file
Symbol file data-0000021FB6A5B060 doesn't match image C:\Users\habib\OneDrive\Desktop\First-RDW\First RDW\Library\ScriptAssemblies\Unity.Services.Core.Analytics.dll
Symbol file LoadedFromMemory is not a mono symbol file
Symbol file data-0000021FB69634C0 doesn't match image C:\Users\habib\OneDrive\Desktop\First-RDW\First RDW\Library\ScriptAssemblies\Unity.Burst.dll
Symbol file LoadedFromMemory is not a mono symbol file
Symbol file data-0000021FBA898E30 doesn't match image C:\Users\habib\OneDrive\Desktop\First-RDW\First RDW\Library\ScriptAssemblies\Unity.RenderPipelines.Universal.Editor.dll
Symbol file LoadedFromMemory is not a mono symbol file
Symbol file data-0000021FB6B47CB0 doesn't match image C:\Users\habib\OneDrive\Desktop\First-RDW\First RDW\Library\ScriptAssemblies\UnityEngine.XR.LegacyInputHelpers.dll
Symbol file LoadedFromMemory is not a mono symbol file
Symbol file data-0000021FB6B47CB0 doesn't match image C:\Users\habib\OneDrive\Desktop\First-RDW\First RDW\Library\ScriptAssemblies\Unity.VisualScripting.Shared.Editor.dll
Symbol file LoadedFromMemory is not a mono symbol file
Symbol file data-0000021FB6B47CB0 doesn't match image C:\Users\habib\OneDrive\Desktop\First-RDW\First RDW\Library\ScriptAssemblies\Unity.XR.OpenXR.Editor.dll
Symbol file LoadedFromMemory is not a mono symbol file
Symbol file data-0000021FB6B47CB0 doesn't match image C:\Users\habib\OneDrive\Desktop\First-RDW\First RDW\Library\ScriptAssemblies\Unity.Services.Core.Environments.dll
Symbol file LoadedFromMemory is not a mono symbol file
Symbol file data-0000021FB6B47CB0 doesn't match image C:\Users\habib\OneDrive\Desktop\First-RDW\First RDW\Library\ScriptAssemblies\Unity.Services.Core.Scheduler.dll
Symbol file LoadedFromMemory is not a mono symbol file
Symbol file data-0000021FBA898E30 doesn't match image C:\Users\habib\OneDrive\Desktop\First-RDW\First RDW\Library\ScriptAssemblies\Unity.Timeline.Editor.dll
Symbol file LoadedFromMemory is not a mono symbol file
Symbol file data-0000021FB6B47CB0 doesn't match image C:\Users\habib\OneDrive\Desktop\First-RDW\First RDW\Library\ScriptAssemblies\Unity.XR.CoreUtils.dll
Symbol file LoadedFromMemory is not a mono symbol file
Symbol file data-0000021FB6B47CB0 doesn't match image C:\Users\habib\OneDrive\Desktop\First-RDW\First RDW\Library\ScriptAssemblies\Unity.RenderPipelines.ShaderGraph.ShaderGraphLibrary.dll
Symbol file LoadedFromMemory is not a mono symbol file
Symbol file data-0000021FBAD4A080 doesn't match image C:\Users\habib\OneDrive\Desktop\First-RDW\First RDW\Library\ScriptAssemblies\UnityEditor.XR.LegacyInputHelpers.dll
Symbol file LoadedFromMemory is not a mono symbol file
Symbol file data-0000021FBC19FE50 doesn't match image C:\Users\habib\OneDrive\Desktop\First-RDW\First RDW\Library\ScriptAssemblies\Unity.VectorGraphics.Editor.dll
Symbol file LoadedFromMemory is not a mono symbol file
Symbol file data-0000021FBC19FE50 doesn't match image C:\Users\habib\OneDrive\Desktop\First-RDW\First RDW\Library\ScriptAssemblies\Unity.XR.OpenXR.dll
Symbol file LoadedFromMemory is not a mono symbol file
Symbol file data-0000021FB697F8D0 doesn't match image C:\Users\habib\OneDrive\Desktop\First-RDW\First RDW\Library\ScriptAssemblies\Unity.XR.Interaction.Toolkit.Editor.dll
Symbol file LoadedFromMemory is not a mono symbol file
Symbol file data-0000021FB697F8D0 doesn't match image C:\Users\habib\OneDrive\Desktop\First-RDW\First RDW\Library\ScriptAssemblies\Unity.XR.Oculus.dll
Symbol file LoadedFromMemory is not a mono symbol file
Symbol file data-0000021FBAD54A90 doesn't match image C:\Users\habib\OneDrive\Desktop\First-RDW\First RDW\Library\ScriptAssemblies\UnityEditor.SpatialTracking.dll
Symbol file LoadedFromMemory is not a mono symbol file
Symbol file data-0000021FBAD54A90 doesn't match image C:\Users\habib\OneDrive\Desktop\First-RDW\First RDW\Library\ScriptAssemblies\Unity.XR.OpenXR.Features.ConformanceAutomation.dll
Symbol file LoadedFromMemory is not a mono symbol file
Symbol file data-0000021FBA8C0640 doesn't match image C:\Users\habib\OneDrive\Desktop\First-RDW\First RDW\Library\ScriptAssemblies\Unity.RenderPipelines.Core.Editor.dll
Symbol file LoadedFromMemory is not a mono symbol file
Symbol file data-0000021FBAD54A90 doesn't match image C:\Users\habib\OneDrive\Desktop\First-RDW\First RDW\Library\ScriptAssemblies\Unity.XR.OpenXR.Features.RuntimeDebugger.Editor.dll
Symbol file LoadedFromMemory is not a mono symbol file
Symbol file data-0000021FB69868E0 doesn't match image C:\Users\habib\OneDrive\Desktop\First-RDW\First RDW\Library\ScriptAssemblies\Unity.VisualScripting.State.dll
Symbol file LoadedFromMemory is not a mono symbol file
Symbol file data-0000021FBAD54A90 doesn't match image C:\Users\habib\OneDrive\Desktop\First-RDW\First RDW\Library\ScriptAssemblies\Unity.Services.Core.Device.dll
Symbol file LoadedFromMemory is not a mono symbol file
Symbol file LoadedFromMemory doesn't match image C:\Users\habib\OneDrive\Desktop\First-RDW\First RDW\Library\PackageCache\com.unity.visualscripting@1.7.8\Editor\VisualScripting.Core\Dependencies\DotNetZip\Unity.VisualScripting.IonicZip.dll
Symbol file LoadedFromMemory doesn't match image C:\Users\habib\OneDrive\Desktop\First-RDW\First RDW\Library\PackageCache\com.unity.visualscripting@1.7.8\Editor\VisualScripting.Core\Dependencies\YamlDotNet\Unity.VisualScripting.YamlDotNet.dll
Native extension for WindowsStandalone target not found
Native extension for Android target not found
Refreshing native plugins compatible for Editor in 86.87 ms, found 11 plugins.
Preloading 1 native plugins for Editor in 0.07 ms.
Package Manager log level set to [2]
[Package Manager] Server::EnsureServerProcessIsRunning -- launch failed, reason: Unity was launched with the -noUpm command-line argument
[Package Manager] UpmClient::Send -- Unable to send message (not connected to UPM process).
[Package Manager] Cannot connect to Unity Package Manager local server
System.Reflection.TargetInvocationException: Exception has been thrown by the target of an invocation. ---> System.NullReferenceException: Object reference not set to an instance of an object
  at Unity.XR.Oculus.OculusLoader.AssetPathToAbsolutePath (System.String assetPath) [0x00047] in <53a72eedeaab4a66b5f0de8d500e29b5>:0 
  at Unity.XR.Oculus.OculusLoader.EditorLoadOVRPlugin () [0x000b0] in <53a72eedeaab4a66b5f0de8d500e29b5>:0 
  at (wrapper managed-to-native) System.Reflection.RuntimeMethodInfo.InternalInvoke(System.Reflection.RuntimeMethodInfo,object,object[],System.Exception&)
  at System.Reflection.RuntimeMethodInfo.Invoke (System.Object obj, System.Reflection.BindingFlags invokeAttr, System.Reflection.Binder binder, System.Object[] parameters, System.Globalization.CultureInfo culture) [0x0006a] in <252f5a151e57406087568ebdeb88d5fe>:0 
   --- End of inner exception stack trace ---
  at System.Reflection.RuntimeMethodInfo.Invoke (System.Object obj, System.Reflection.BindingFlags invokeAttr, System.Reflection.Binder binder, System.Object[] parameters, System.Globalization.CultureInfo culture) [0x00083] in <252f5a151e57406087568ebdeb88d5fe>:0 
  at System.Reflection.MethodBase.Invoke (System.Object obj, System.Object[] parameters) [0x00000] in <252f5a151e57406087568ebdeb88d5fe>:0 
  at UnityEditor.EditorAssemblies.ProcessInitializeOnLoadMethodAttributes () [0x000a5] in <4ce403b7cdf744109283ae55cdc24285>:0 
UnityEngine.StackTraceUtility:ExtractStackTrace ()
UnityEngine.DebugLogHandler:LogFormat (UnityEngine.LogType,UnityEngine.Object,string,object[])
UnityEngine.Logger:Log (UnityEngine.LogType,object)
UnityEngine.Debug:LogError (object)
UnityEditor.EditorAssemblies:ProcessInitializeOnLoadMethodAttributes ()

Mono: successfully reloaded assembly
[Package Manager] Server::EnsureServerProcessIsRunning -- launch failed, reason: Unity was launched with the -noUpm command-line argument
[Package Manager] UpmClient::Send -- Unable to send message (not connected to UPM process).
[Package Manager] Cannot connect to Unity Package Manager local server
[Package Manager] Server::EnsureServerProcessIsRunning -- launch failed, reason: Unity was launched with the -noUpm command-line argument
[Package Manager] UpmClient::Send -- Unable to send message (not connected to UPM process).
[Package Manager] Cannot connect to Unity Package Manager local server
- Completed reload, in  1.200 seconds
Domain Reload Profiling:
	ReloadAssembly (1200ms)
		BeginReloadAssembly (196ms)
			ExecutionOrderSort (0ms)
			DisableScriptedObjects (4ms)
			BackupInstance (0ms)
			ReleaseScriptingObjects (0ms)
			CreateAndSetChildDomain (127ms)
		EndReloadAssembly (923ms)
			LoadAssemblies (61ms)
			RebuildTransferFunctionScriptingTraits (0ms)
			SetupTypeCache (209ms)
				TypeCache.Initialize (201ms)
					TypeCache.ScanAssembly (198ms)
				ResolveRequiredComponents (9ms)
			ReleaseScriptCaches (1ms)
			RebuildScriptCaches (56ms)
			SetupLoadedEditorAssemblies (544ms)
				LogAssemblyErrors (0ms)
				InitializePlatformSupportModulesInManaged (16ms)
				SetLoadedEditorAssemblies (6ms)
				RefreshPlugins (87ms)
				BeforeProcessingInitializeOnLoad (97ms)
				ProcessInitializeOnLoadAttributes (261ms)
				ProcessInitializeOnLoadMethodAttributes (74ms)
				AfterProcessingInitializeOnLoad (4ms)
				EditorAssembliesLoaded (0ms)
			ExecutionOrderSort2 (0ms)
			AwakeInstancesAfterBackupRestoration (4ms)
Platform modules already initialized, skipping
========================================================================
Worker process is ready to serve import requests
Launched and connected shader compiler UnityShaderCompiler.exe after 0.03 seconds
Refreshing native plugins compatible for Editor in 0.85 ms, found 11 plugins.
Preloading 1 native plugins for Editor in 0.08 ms.
Unloading 6026 Unused Serialized files (Serialized files now loaded: 0)
Unloading 53 unused Assets / (390.0 KB). Loaded Objects now: 6474.
Memory consumption went from 0.94 GB to 0.94 GB.
Total: 3.195400 ms (FindLiveObjects: 0.352100 ms CreateObjectMapping: 0.291800 ms MarkObjects: 2.402300 ms  DeleteObjects: 0.148500 ms)

AssetImportParameters requested are different than current active one (requested -> active):
  custom:video-decoder-ogg-theora: a1e56fd34408186e4bbccfd4996cb3dc -> 
  custom:container-muxer-webm: aa71ff27fc2769a1b78a27578f13a17b -> 
  custom:container-demuxer-webm: 4f35f7cbe854078d1ac9338744f61a02 -> 
  custom:video-encoder-webm-vp8: eb34c28f22e8b96e1ab97ce403110664 -> 
  custom:audio-encoder-webm-vorbis: bf7c407c2cedff20999df2af8eb42d56 -> 
  custom:framework-win-MediaFoundation: 216162199b28c13a410421893ffa2e32 -> 
  custom:container-demuxer-ogg: 62fdf1f143b41e24485cea50d1cbac27 -> 
  custom:video-decoder-webm-vp8: 9c59270c3fd7afecdb556c50c9e8de78 -> 
  custom:audio-decoder-ogg-vorbis: bf7c407c2cedff20999df2af8eb42d56 -> 
========================================================================
Received Prepare
Refreshing native plugins compatible for Editor in 8.30 ms, found 11 plugins.
Preloading 1 native plugins for Editor in 0.06 ms.
Unloading 43 Unused Serialized files (Serialized files now loaded: 0)
Unloading 43 unused Assets / (346.6 KB). Loaded Objects now: 6474.
Memory consumption went from 144.2 MB to 143.8 MB.
Total: 3.869800 ms (FindLiveObjects: 0.342600 ms CreateObjectMapping: 0.198400 ms MarkObjects: 3.261700 ms  DeleteObjects: 0.066100 ms)

AssetImportParameters requested are different than current active one (requested -> active):
  custom:video-decoder-ogg-theora: a1e56fd34408186e4bbccfd4996cb3dc -> 
  custom:container-muxer-webm: aa71ff27fc2769a1b78a27578f13a17b -> 
  custom:container-demuxer-webm: 4f35f7cbe854078d1ac9338744f61a02 -> 
  custom:video-encoder-webm-vp8: eb34c28f22e8b96e1ab97ce403110664 -> 
  custom:audio-encoder-webm-vorbis: bf7c407c2cedff20999df2af8eb42d56 -> 
  custom:framework-win-MediaFoundation: 216162199b28c13a410421893ffa2e32 -> 
  custom:container-demuxer-ogg: 62fdf1f143b41e24485cea50d1cbac27 -> 
  custom:video-decoder-webm-vp8: 9c59270c3fd7afecdb556c50c9e8de78 -> 
  custom:audio-decoder-ogg-vorbis: bf7c407c2cedff20999df2af8eb42d56 -> 
========================================================================
Received Prepare
Registering precompiled user dll's ...
Registered in 0.006070 seconds.
Begin MonoManager ReloadAssembly
Symbol file data-0000021FBDA1D030 doesn't match image C:\Users\habib\OneDrive\Desktop\First-RDW\First RDW\Library\ScriptAssemblies\Unity.VSCode.Editor.dll
Symbol file LoadedFromMemory is not a mono symbol file
Symbol file data-0000021FB6B9CA60 doesn't match image C:\Users\habib\OneDrive\Desktop\First-RDW\First RDW\Library\ScriptAssemblies\Unity.InternalAPIEditorBridge.003.dll
Symbol file LoadedFromMemory is not a mono symbol file
Symbol file data-00000220204E80A0 doesn't match image C:\Users\habib\OneDrive\Desktop\First-RDW\First RDW\Library\ScriptAssemblies\Unity.RenderPipelines.Universal.Shaders.dll
Symbol file LoadedFromMemory is not a mono symbol file
Symbol file data-0000022022101010 doesn't match image C:\Users\habib\OneDrive\Desktop\First-RDW\First RDW\Library\ScriptAssemblies\Unity.TextMeshPro.Editor.dll
Symbol file LoadedFromMemory is not a mono symbol file
Symbol file data-0000021FBB1C60C0 doesn't match image C:\Users\habib\OneDrive\Desktop\First-RDW\First RDW\Library\ScriptAssemblies\Unity.Services.Core.Telemetry.dll
Symbol file LoadedFromMemory is not a mono symbol file
Symbol file data-0000021FBAF85640 doesn't match image C:\Users\habib\OneDrive\Desktop\First-RDW\First RDW\Library\ScriptAssemblies\Unity.VectorGraphics.dll
Symbol file LoadedFromMemory is not a mono symbol file
Symbol file data-0000021FB6B9CA60 doesn't match image C:\Users\habib\OneDrive\Desktop\First-RDW\First RDW\Library\ScriptAssemblies\Unity.Services.Core.Networking.dll
Symbol file LoadedFromMemory is not a mono symbol file
Symbol file data-0000021FBAAB5010 doesn't match image C:\Users\habib\OneDrive\Desktop\First-RDW\First RDW\Library\ScriptAssemblies\Unity.VisualScripting.State.Editor.dll
Symbol file LoadedFromMemory is not a mono symbol file
Symbol file data-000002201F2A8010 doesn't match image C:\Users\habib\OneDrive\Desktop\First-RDW\First RDW\Library\ScriptAssemblies\UnityEditor.TestRunner.dll
Symbol file LoadedFromMemory is not a mono symbol file
Symbol file data-000002202110E030 doesn't match image C:\Users\habib\OneDrive\Desktop\First-RDW\First RDW\Library\ScriptAssemblies\Unity.Searcher.Editor.dll
Symbol file LoadedFromMemory is not a mono symbol file
Symbol file data-0000021FBB1C60C0 doesn't match image C:\Users\habib\OneDrive\Desktop\First-RDW\First RDW\Library\ScriptAssemblies\Unity.VisualScripting.SettingsProvider.Editor.dll
Symbol file LoadedFromMemory is not a mono symbol file
Symbol file data-0000021FB69DB900 doesn't match image C:\Users\habib\OneDrive\Desktop\First-RDW\First RDW\Library\ScriptAssemblies\Unity.Burst.CodeGen.dll
Symbol file LoadedFromMemory is not a mono symbol file
Symbol file data-0000021FB6B9CA60 doesn't match image C:\Users\habib\OneDrive\Desktop\First-RDW\First RDW\Library\ScriptAssemblies\Unity.ShaderGraph.Utilities.dll
Symbol file LoadedFromMemory is not a mono symbol file
Symbol file data-0000021FBBFFB020 doesn't match image C:\Users\habib\OneDrive\Desktop\First-RDW\First RDW\Library\ScriptAssemblies\UnityEditor.UI.dll
Symbol file LoadedFromMemory is not a mono symbol file
Symbol file data-000002201FB69010 doesn't match image C:\Users\habib\OneDrive\Desktop\First-RDW\First RDW\Library\ScriptAssemblies\Unity.InputSystem.dll
Symbol file LoadedFromMemory is not a mono symbol file
Symbol file data-0000021FBC948C20 doesn't match image C:\Users\habib\OneDrive\Desktop\First-RDW\First RDW\Library\ScriptAssemblies\Unity.Rider.Editor.dll
Symbol file LoadedFromMemory is not a mono symbol file
Symbol file data-0000022020504110 doesn't match image C:\Users\habib\OneDrive\Desktop\First-RDW\First RDW\Library\ScriptAssemblies\Unity.RenderPipelines.Core.ShaderLibrary.dll
Symbol file LoadedFromMemory is not a mono symbol file
Symbol file data-000002201F2BE220 doesn't match image C:\Users\habib\OneDrive\Desktop\First-RDW\First RDW\Library\ScriptAssemblies\Unity.Services.Core.Internal.dll
Symbol file LoadedFromMemory is not a mono symbol file
Symbol file data-0000021FB69DB900 doesn't match image C:\Users\habib\OneDrive\Desktop\First-RDW\First RDW\Library\ScriptAssemblies\UnityEngine.SpatialTracking.dll
Symbol file LoadedFromMemory is not a mono symbol file
Symbol file data-000002201FDA1020 doesn't match image C:\Users\habib\OneDrive\Desktop\First-RDW\First RDW\Library\ScriptAssemblies\UnityEngine.UI.dll
Symbol file LoadedFromMemory is not a mono symbol file
Symbol file data-0000021FB69DB900 doesn't match image C:\Users\habib\OneDrive\Desktop\First-RDW\First RDW\Library\ScriptAssemblies\Unity.Services.Core.Configuration.dll
Symbol file LoadedFromMemory is not a mono symbol file
Symbol file data-0000022020EFD010 doesn't match image C:\Users\habib\OneDrive\Desktop\First-RDW\First RDW\Library\ScriptAssemblies\Unity.XR.CoreUtils.Editor.dll
Symbol file LoadedFromMemory is not a mono symbol file
Symbol file data-0000021FBBF29020 doesn't match image C:\Users\habib\OneDrive\Desktop\First-RDW\First RDW\Library\ScriptAssemblies\Unity.ShaderGraph.Editor.dll
Symbol file LoadedFromMemory is not a mono symbol file
Symbol file data-0000022020EFD010 doesn't match image C:\Users\habib\OneDrive\Desktop\First-RDW\First RDW\Library\ScriptAssemblies\Unity.Services.Core.Configuration.Editor.dll
Symbol file LoadedFromMemory is not a mono symbol file
Symbol file data-000002202110E030 doesn't match image C:\Users\habib\OneDrive\Desktop\First-RDW\First RDW\Library\ScriptAssemblies\Unity.Services.Core.Registration.dll
Symbol file LoadedFromMemory is not a mono symbol file
Symbol file data-0000021FB6B9CA60 doesn't match image C:\Users\habib\OneDrive\Desktop\First-RDW\First RDW\Library\ScriptAssemblies\Unity.Services.Core.Environments.Internal.dll
Symbol file LoadedFromMemory is not a mono symbol file
Symbol file data-0000021FB6B9CA60 doesn't match image C:\Users\habib\OneDrive\Desktop\First-RDW\First RDW\Library\ScriptAssemblies\Unity.RenderPipeline.Universal.ShaderLibrary.dll
Symbol file LoadedFromMemory is not a mono symbol file
Symbol file data-0000021FB69E5A90 doesn't match image C:\Users\habib\OneDrive\Desktop\First-RDW\First RDW\Library\ScriptAssemblies\Unity.XR.Management.dll
Symbol file LoadedFromMemory is not a mono symbol file
Symbol file data-00000220203C0030 doesn't match image C:\Users\habib\OneDrive\Desktop\First-RDW\First RDW\Library\ScriptAssemblies\Unity.CollabProxy.Editor.dll
Symbol file LoadedFromMemory is not a mono symbol file
Symbol file data-0000022022117820 doesn't match image C:\Users\habib\OneDrive\Desktop\First-RDW\First RDW\Library\ScriptAssemblies\Unity.Mathematics.Editor.dll
Symbol file LoadedFromMemory is not a mono symbol file
Symbol file data-0000021FB6B9CA60 doesn't match image C:\Users\habib\OneDrive\Desktop\First-RDW\First RDW\Library\ScriptAssemblies\Unity.Services.Core.Threading.dll
Symbol file LoadedFromMemory is not a mono symbol file
Symbol file data-0000022022117820 doesn't match image C:\Users\habib\OneDrive\Desktop\First-RDW\First RDW\Library\ScriptAssemblies\Unity.XR.OpenXR.Features.RuntimeDebugger.dll
Symbol file LoadedFromMemory is not a mono symbol file
Symbol file data-0000021FBD26BEF0 doesn't match image C:\Users\habib\OneDrive\Desktop\First-RDW\First RDW\Library\ScriptAssemblies\Unity.XR.Oculus.Editor.dll
Symbol file LoadedFromMemory is not a mono symbol file
Symbol file data-000002201FA2F020 doesn't match image C:\Users\habib\OneDrive\Desktop\First-RDW\First RDW\Library\ScriptAssemblies\Unity.VisualScripting.Flow.Editor.dll
Symbol file LoadedFromMemory is not a mono symbol file
Symbol file data-0000021FBD885070 doesn't match image C:\Users\habib\OneDrive\Desktop\First-RDW\First RDW\Library\ScriptAssemblies\Unity.RenderPipelines.Universal.Runtime.dll
Symbol file LoadedFromMemory is not a mono symbol file
Symbol file data-0000021FBD878A30 doesn't match image C:\Users\habib\OneDrive\Desktop\First-RDW\First RDW\Library\ScriptAssemblies\PPv2URPConverters.dll
Symbol file LoadedFromMemory is not a mono symbol file
Symbol file data-000002201FDCB430 doesn't match image C:\Users\habib\OneDrive\Desktop\First-RDW\First RDW\Library\ScriptAssemblies\Unity.VisualStudio.Editor.dll
Symbol file LoadedFromMemory is not a mono symbol file
Symbol file data-0000022021112840 doesn't match image C:\Users\habib\OneDrive\Desktop\First-RDW\First RDW\Library\ScriptAssemblies\Unity.XR.OpenXR.Features.OculusQuestSupport.Editor.dll
Symbol file LoadedFromMemory is not a mono symbol file
Symbol file data-0000021FBC5FB010 doesn't match image C:\Users\habib\OneDrive\Desktop\First-RDW\First RDW\Library\ScriptAssemblies\UnityEngine.TestRunner.dll
Symbol file LoadedFromMemory is not a mono symbol file
Symbol file data-000002201FDCB430 doesn't match image C:\Users\habib\OneDrive\Desktop\First-RDW\First RDW\Library\ScriptAssemblies\Unity.XR.Management.Editor.dll
Symbol file LoadedFromMemory is not a mono symbol file
Symbol file data-0000021FBCF4CC40 doesn't match image C:\Users\habib\OneDrive\Desktop\First-RDW\First RDW\Library\ScriptAssemblies\Unity.Timeline.dll
Symbol file LoadedFromMemory is not a mono symbol file
Symbol file data-0000021FBA8C0010 doesn't match image C:\Users\habib\OneDrive\Desktop\First-RDW\First RDW\Library\ScriptAssemblies\Unity.VisualScripting.Core.Editor.dll
Symbol file LoadedFromMemory is not a mono symbol file
Symbol file data-0000021FBA9AE780 doesn't match image C:\Users\habib\OneDrive\Desktop\First-RDW\First RDW\Library\ScriptAssemblies\Unity.TextMeshPro.dll
Symbol file LoadedFromMemory is not a mono symbol file
Symbol file data-0000021FB6B9CA60 doesn't match image C:\Users\habib\OneDrive\Desktop\First-RDW\First RDW\Library\ScriptAssemblies\Unity.InternalAPIEngineBridge.003.dll
Symbol file LoadedFromMemory is not a mono symbol file
Symbol file data-0000021FBC5FB010 doesn't match image C:\Users\habib\OneDrive\Desktop\First-RDW\First RDW\Library\ScriptAssemblies\Unity.Burst.Editor.dll
Symbol file LoadedFromMemory is not a mono symbol file
Symbol file data-0000021FBAA10010 doesn't match image C:\Users\habib\OneDrive\Desktop\First-RDW\First RDW\Library\ScriptAssemblies\Unity.XR.Interaction.Toolkit.dll
Symbol file LoadedFromMemory is not a mono symbol file
Symbol file data-0000022021112840 doesn't match image C:\Users\habib\OneDrive\Desktop\First-RDW\First RDW\Library\ScriptAssemblies\Unity.XR.OpenXR.Features.MockRuntime.dll
Symbol file LoadedFromMemory is not a mono symbol file
Symbol file data-0000021FBCF4CC40 doesn't match image C:\Users\habib\OneDrive\Desktop\First-RDW\First RDW\Library\ScriptAssemblies\Unity.2D.Sprite.Editor.dll
Symbol file LoadedFromMemory is not a mono symbol file
Symbol file data-00000220201C0090 doesn't match image C:\Users\habib\OneDrive\Desktop\First-RDW\First RDW\Library\ScriptAssemblies\Unity.RenderPipelines.Core.Runtime.dll
Symbol file LoadedFromMemory is not a mono symbol file
Symbol file data-00000220201C0090 doesn't match image C:\Users\habib\OneDrive\Desktop\First-RDW\First RDW\Library\ScriptAssemblies\Unity.VisualScripting.Flow.dll
Symbol file LoadedFromMemory is not a mono symbol file
Symbol file data-0000021FBD885070 doesn't match image C:\Users\habib\OneDrive\Desktop\First-RDW\First RDW\Library\ScriptAssemblies\Unity.PlasticSCM.Editor.dll
Symbol file LoadedFromMemory is not a mono symbol file
Symbol file data-0000021FB6B9CA60 doesn't match image C:\Users\habib\OneDrive\Desktop\First-RDW\First RDW\Library\ScriptAssemblies\Unity.XR.OpenXR.Features.OculusQuestSupport.dll
Symbol file LoadedFromMemory is not a mono symbol file
Symbol file data-000002201F9D1A30 doesn't match image C:\Users\habib\OneDrive\Desktop\First-RDW\First RDW\Library\ScriptAssemblies\Unity.Services.Core.dll
Symbol file LoadedFromMemory is not a mono symbol file
Symbol file data-0000021FBD885070 doesn't match image C:\Users\habib\OneDrive\Desktop\First-RDW\First RDW\Library\ScriptAssemblies\Unity.VisualScripting.Core.dll
Symbol file LoadedFromMemory is not a mono symbol file
Symbol file data-0000021FBAD6C010 doesn't match image C:\Users\habib\OneDrive\Desktop\First-RDW\First RDW\Library\ScriptAssemblies\Unity.Mathematics.dll
Symbol file LoadedFromMemory is not a mono symbol file
Symbol file data-0000021FBC948C20 doesn't match image C:\Users\habib\OneDrive\Desktop\First-RDW\First RDW\Library\ScriptAssemblies\Unity.Services.Core.Editor.dll
Symbol file LoadedFromMemory is not a mono symbol file
Symbol file data-0000021FB6B9CA60 doesn't match image C:\Users\habib\OneDrive\Desktop\First-RDW\First RDW\Library\ScriptAssemblies\Unity.Services.Core.Analytics.dll
Symbol file LoadedFromMemory is not a mono symbol file
Symbol file data-00000220201C0090 doesn't match image C:\Users\habib\OneDrive\Desktop\First-RDW\First RDW\Library\ScriptAssemblies\Unity.Burst.dll
Symbol file LoadedFromMemory is not a mono symbol file
Symbol file data-00000220201C0090 doesn't match image C:\Users\habib\OneDrive\Desktop\First-RDW\First RDW\Library\ScriptAssemblies\Unity.RenderPipelines.Universal.Editor.dll
Symbol file LoadedFromMemory is not a mono symbol file
Symbol file data-0000021FBD26BEF0 doesn't match image C:\Users\habib\OneDrive\Desktop\First-RDW\First RDW\Library\ScriptAssemblies\UnityEngine.XR.LegacyInputHelpers.dll
Symbol file LoadedFromMemory is not a mono symbol file
Symbol file data-0000021FBD26BEF0 doesn't match image C:\Users\habib\OneDrive\Desktop\First-RDW\First RDW\Library\ScriptAssemblies\Unity.VisualScripting.Shared.Editor.dll
Symbol file LoadedFromMemory is not a mono symbol file
Symbol file data-0000021FBC948C20 doesn't match image C:\Users\habib\OneDrive\Desktop\First-RDW\First RDW\Library\ScriptAssemblies\Unity.XR.OpenXR.Editor.dll
Symbol file LoadedFromMemory is not a mono symbol file
Symbol file data-0000021FB6B9CA60 doesn't match image C:\Users\habib\OneDrive\Desktop\First-RDW\First RDW\Library\ScriptAssemblies\Unity.Services.Core.Environments.dll
Symbol file LoadedFromMemory is not a mono symbol file
Symbol file data-0000021FBD26BEF0 doesn't match image C:\Users\habib\OneDrive\Desktop\First-RDW\First RDW\Library\ScriptAssemblies\Unity.Services.Core.Scheduler.dll
Symbol file LoadedFromMemory is not a mono symbol file
Symbol file data-00000220214DC010 doesn't match image C:\Users\habib\OneDrive\Desktop\First-RDW\First RDW\Library\ScriptAssemblies\Unity.Timeline.Editor.dll
Symbol file LoadedFromMemory is not a mono symbol file
Symbol file data-000002201FDCB430 doesn't match image C:\Users\habib\OneDrive\Desktop\First-RDW\First RDW\Library\ScriptAssemblies\Unity.XR.CoreUtils.dll
Symbol file LoadedFromMemory is not a mono symbol file
Symbol file data-0000022020504110 doesn't match image C:\Users\habib\OneDrive\Desktop\First-RDW\First RDW\Library\ScriptAssemblies\Unity.RenderPipelines.ShaderGraph.ShaderGraphLibrary.dll
Symbol file LoadedFromMemory is not a mono symbol file
Symbol file data-000002201F2BE220 doesn't match image C:\Users\habib\OneDrive\Desktop\First-RDW\First RDW\Library\ScriptAssemblies\UnityEditor.XR.LegacyInputHelpers.dll
Symbol file LoadedFromMemory is not a mono symbol file
Symbol file data-000002201F2BE220 doesn't match image C:\Users\habib\OneDrive\Desktop\First-RDW\First RDW\Library\ScriptAssemblies\Unity.VectorGraphics.Editor.dll
Symbol file LoadedFromMemory is not a mono symbol file
Symbol file data-000002201F7BB420 doesn't match image C:\Users\habib\OneDrive\Desktop\First-RDW\First RDW\Library\ScriptAssemblies\Unity.XR.OpenXR.dll
Symbol file LoadedFromMemory is not a mono symbol file
Symbol file data-0000021FBCE06020 doesn't match image C:\Users\habib\OneDrive\Desktop\First-RDW\First RDW\Library\ScriptAssemblies\Unity.XR.Interaction.Toolkit.Editor.dll
Symbol file LoadedFromMemory is not a mono symbol file
Symbol file data-000002201F2BE220 doesn't match image C:\Users\habib\OneDrive\Desktop\First-RDW\First RDW\Library\ScriptAssemblies\Unity.XR.Oculus.dll
Symbol file LoadedFromMemory is not a mono symbol file
Symbol file data-0000021FBAB38E00 doesn't match image C:\Users\habib\OneDrive\Desktop\First-RDW\First RDW\Library\ScriptAssemblies\UnityEditor.SpatialTracking.dll
Symbol file LoadedFromMemory is not a mono symbol file
Symbol file data-0000021FBAB38E00 doesn't match image C:\Users\habib\OneDrive\Desktop\First-RDW\First RDW\Library\ScriptAssemblies\Unity.XR.OpenXR.Features.ConformanceAutomation.dll
Symbol file LoadedFromMemory is not a mono symbol file
Symbol file data-00000220201C0090 doesn't match image C:\Users\habib\OneDrive\Desktop\First-RDW\First RDW\Library\ScriptAssemblies\Unity.RenderPipelines.Core.Editor.dll
Symbol file LoadedFromMemory is not a mono symbol file
Symbol file data-000002201F2BE220 doesn't match image C:\Users\habib\OneDrive\Desktop\First-RDW\First RDW\Library\ScriptAssemblies\Unity.XR.OpenXR.Features.RuntimeDebugger.Editor.dll
Symbol file LoadedFromMemory is not a mono symbol file
Symbol file data-0000021FBBEDCFE0 doesn't match image C:\Users\habib\OneDrive\Desktop\First-RDW\First RDW\Library\ScriptAssemblies\Unity.VisualScripting.State.dll
Symbol file LoadedFromMemory is not a mono symbol file
Symbol file data-0000022021112840 doesn't match image C:\Users\habib\OneDrive\Desktop\First-RDW\First RDW\Library\ScriptAssemblies\Unity.Services.Core.Device.dll
Symbol file LoadedFromMemory is not a mono symbol file
Symbol file LoadedFromMemory doesn't match image C:\Users\habib\OneDrive\Desktop\First-RDW\First RDW\Library\PackageCache\com.unity.visualscripting@1.7.8\Editor\VisualScripting.Core\Dependencies\DotNetZip\Unity.VisualScripting.IonicZip.dll
Symbol file LoadedFromMemory doesn't match image C:\Users\habib\OneDrive\Desktop\First-RDW\First RDW\Library\PackageCache\com.unity.visualscripting@1.7.8\Editor\VisualScripting.Core\Dependencies\YamlDotNet\Unity.VisualScripting.YamlDotNet.dll
Native extension for WindowsStandalone target not found
Native extension for Android target not found
Refreshing native plugins compatible for Editor in 1.48 ms, found 11 plugins.
Preloading 1 native plugins for Editor in 0.12 ms.
[Package Manager] Server::EnsureServerProcessIsRunning -- launch failed, reason: Unity was launched with the -noUpm command-line argument
[Package Manager] UpmClient::Send -- Unable to send message (not connected to UPM process).
[Package Manager] Cannot connect to Unity Package Manager local server
System.Reflection.TargetInvocationException: Exception has been thrown by the target of an invocation. ---> System.NullReferenceException: Object reference not set to an instance of an object
  at Unity.XR.Oculus.OculusLoader.AssetPathToAbsolutePath (System.String assetPath) [0x00047] in <53a72eedeaab4a66b5f0de8d500e29b5>:0 
  at Unity.XR.Oculus.OculusLoader.EditorLoadOVRPlugin () [0x000b0] in <53a72eedeaab4a66b5f0de8d500e29b5>:0 
  at (wrapper managed-to-native) System.Reflection.RuntimeMethodInfo.InternalInvoke(System.Reflection.RuntimeMethodInfo,object,object[],System.Exception&)
  at System.Reflection.RuntimeMethodInfo.Invoke (System.Object obj, System.Reflection.BindingFlags invokeAttr, System.Reflection.Binder binder, System.Object[] parameters, System.Globalization.CultureInfo culture) [0x0006a] in <252f5a151e57406087568ebdeb88d5fe>:0 
   --- End of inner exception stack trace ---
  at System.Reflection.RuntimeMethodInfo.Invoke (System.Object obj, System.Reflection.BindingFlags invokeAttr, System.Reflection.Binder binder, System.Object[] parameters, System.Globalization.CultureInfo culture) [0x00083] in <252f5a151e57406087568ebdeb88d5fe>:0 
  at System.Reflection.MethodBase.Invoke (System.Object obj, System.Object[] parameters) [0x00000] in <252f5a151e57406087568ebdeb88d5fe>:0 
  at UnityEditor.EditorAssemblies.ProcessInitializeOnLoadMethodAttributes () [0x000a5] in <4ce403b7cdf744109283ae55cdc24285>:0 
UnityEngine.StackTraceUtility:ExtractStackTrace ()
UnityEngine.DebugLogHandler:LogFormat (UnityEngine.LogType,UnityEngine.Object,string,object[])
UnityEngine.Logger:Log (UnityEngine.LogType,object)
UnityEngine.Debug:LogError (object)
UnityEditor.EditorAssemblies:ProcessInitializeOnLoadMethodAttributes ()

Mono: successfully reloaded assembly
[Package Manager] Server::EnsureServerProcessIsRunning -- launch failed, reason: Unity was launched with the -noUpm command-line argument
[Package Manager] UpmClient::Send -- Unable to send message (not connected to UPM process).
[Package Manager] Cannot connect to Unity Package Manager local server
- Completed reload, in  0.963 seconds
Domain Reload Profiling:
	ReloadAssembly (964ms)
		BeginReloadAssembly (117ms)
			ExecutionOrderSort (0ms)
			DisableScriptedObjects (6ms)
			BackupInstance (0ms)
			ReleaseScriptingObjects (0ms)
			CreateAndSetChildDomain (38ms)
		EndReloadAssembly (775ms)
			LoadAssemblies (68ms)
			RebuildTransferFunctionScriptingTraits (0ms)
			SetupTypeCache (197ms)
				TypeCache.Initialize (189ms)
					TypeCache.ScanAssembly (185ms)
				ResolveRequiredComponents (8ms)
			ReleaseScriptCaches (1ms)
			RebuildScriptCaches (35ms)
			SetupLoadedEditorAssemblies (416ms)
				LogAssemblyErrors (0ms)
				InitializePlatformSupportModulesInManaged (15ms)
				SetLoadedEditorAssemblies (8ms)
				RefreshPlugins (2ms)
				BeforeProcessingInitializeOnLoad (73ms)
				ProcessInitializeOnLoadAttributes (235ms)
				ProcessInitializeOnLoadMethodAttributes (80ms)
				AfterProcessingInitializeOnLoad (4ms)
				EditorAssembliesLoaded (0ms)
			ExecutionOrderSort2 (0ms)
			AwakeInstancesAfterBackupRestoration (13ms)
Platform modules already initialized, skipping
Refreshing native plugins compatible for Editor in 5.88 ms, found 11 plugins.
Preloading 1 native plugins for Editor in 0.10 ms.
Unloading 5856 Unused Serialized files (Serialized files now loaded: 0)
Unloading 43 unused Assets / (349.4 KB). Loaded Objects now: 6479.
Memory consumption went from 0.92 GB to 0.92 GB.
Total: 4.494600 ms (FindLiveObjects: 0.372300 ms CreateObjectMapping: 0.282600 ms MarkObjects: 3.738400 ms  DeleteObjects: 0.099600 ms)

AssetImportParameters requested are different than current active one (requested -> active):
  custom:video-decoder-ogg-theora: a1e56fd34408186e4bbccfd4996cb3dc -> 
  custom:container-muxer-webm: aa71ff27fc2769a1b78a27578f13a17b -> 
  custom:container-demuxer-webm: 4f35f7cbe854078d1ac9338744f61a02 -> 
  custom:video-encoder-webm-vp8: eb34c28f22e8b96e1ab97ce403110664 -> 
  custom:audio-encoder-webm-vorbis: bf7c407c2cedff20999df2af8eb42d56 -> 
  custom:framework-win-MediaFoundation: 216162199b28c13a410421893ffa2e32 -> 
  custom:container-demuxer-ogg: 62fdf1f143b41e24485cea50d1cbac27 -> 
  custom:video-decoder-webm-vp8: 9c59270c3fd7afecdb556c50c9e8de78 -> 
  custom:audio-decoder-ogg-vorbis: bf7c407c2cedff20999df2af8eb42d56 -> 
========================================================================
Received Prepare
Registering precompiled user dll's ...
Registered in 0.006200 seconds.
Begin MonoManager ReloadAssembly
Symbol file data-0000021FBDA1D030 doesn't match image C:\Users\habib\OneDrive\Desktop\First-RDW\First RDW\Library\ScriptAssemblies\Unity.VSCode.Editor.dll
Symbol file LoadedFromMemory is not a mono symbol file
Symbol file data-000002201FDD3440 doesn't match image C:\Users\habib\OneDrive\Desktop\First-RDW\First RDW\Library\ScriptAssemblies\Unity.InternalAPIEditorBridge.003.dll
Symbol file LoadedFromMemory is not a mono symbol file
Symbol file data-00000220213C60E0 doesn't match image C:\Users\habib\OneDrive\Desktop\First-RDW\First RDW\Library\ScriptAssemblies\Unity.RenderPipelines.Universal.Shaders.dll
Symbol file LoadedFromMemory is not a mono symbol file
Symbol file data-0000022022101010 doesn't match image C:\Users\habib\OneDrive\Desktop\First-RDW\First RDW\Library\ScriptAssemblies\Unity.TextMeshPro.Editor.dll
Symbol file LoadedFromMemory is not a mono symbol file
Symbol file data-0000021FB69DB900 doesn't match image C:\Users\habib\OneDrive\Desktop\First-RDW\First RDW\Library\ScriptAssemblies\Unity.Services.Core.Telemetry.dll
Symbol file LoadedFromMemory is not a mono symbol file
Symbol file data-0000022020F06F20 doesn't match image C:\Users\habib\OneDrive\Desktop\First-RDW\First RDW\Library\ScriptAssemblies\Unity.VectorGraphics.dll
Symbol file LoadedFromMemory is not a mono symbol file
Symbol file data-0000022087207B90 doesn't match image C:\Users\habib\OneDrive\Desktop\First-RDW\First RDW\Library\ScriptAssemblies\Unity.Services.Core.Networking.dll
Symbol file LoadedFromMemory is not a mono symbol file
Symbol file data-000002202152E030 doesn't match image C:\Users\habib\OneDrive\Desktop\First-RDW\First RDW\Library\ScriptAssemblies\Unity.VisualScripting.State.Editor.dll
Symbol file LoadedFromMemory is not a mono symbol file
Symbol file data-0000022022101010 doesn't match image C:\Users\habib\OneDrive\Desktop\First-RDW\First RDW\Library\ScriptAssemblies\UnityEditor.TestRunner.dll
Symbol file LoadedFromMemory is not a mono symbol file
Symbol file data-0000021FB6886EF0 doesn't match image C:\Users\habib\OneDrive\Desktop\First-RDW\First RDW\Library\ScriptAssemblies\Unity.Searcher.Editor.dll
Symbol file LoadedFromMemory is not a mono symbol file
Symbol file data-000002201FDD3440 doesn't match image C:\Users\habib\OneDrive\Desktop\First-RDW\First RDW\Library\ScriptAssemblies\Unity.VisualScripting.SettingsProvider.Editor.dll
Symbol file LoadedFromMemory is not a mono symbol file
Symbol file data-0000021FB69E5A90 doesn't match image C:\Users\habib\OneDrive\Desktop\First-RDW\First RDW\Library\ScriptAssemblies\Unity.Burst.CodeGen.dll
Symbol file LoadedFromMemory is not a mono symbol file
Symbol file data-0000022087207B90 doesn't match image C:\Users\habib\OneDrive\Desktop\First-RDW\First RDW\Library\ScriptAssemblies\Unity.ShaderGraph.Utilities.dll
Symbol file LoadedFromMemory is not a mono symbol file
Symbol file data-0000022021C62030 doesn't match image C:\Users\habib\OneDrive\Desktop\First-RDW\First RDW\Library\ScriptAssemblies\UnityEditor.UI.dll
Symbol file LoadedFromMemory is not a mono symbol file
Symbol file data-000002201FB69010 doesn't match image C:\Users\habib\OneDrive\Desktop\First-RDW\First RDW\Library\ScriptAssemblies\Unity.InputSystem.dll
Symbol file LoadedFromMemory is not a mono symbol file
Symbol file data-0000022021C62030 doesn't match image C:\Users\habib\OneDrive\Desktop\First-RDW\First RDW\Library\ScriptAssemblies\Unity.Rider.Editor.dll
Symbol file LoadedFromMemory is not a mono symbol file
Symbol file data-00000220213C60E0 doesn't match image C:\Users\habib\OneDrive\Desktop\First-RDW\First RDW\Library\ScriptAssemblies\Unity.RenderPipelines.Core.ShaderLibrary.dll
Symbol file LoadedFromMemory is not a mono symbol file
Symbol file data-00000220890DC020 doesn't match image C:\Users\habib\OneDrive\Desktop\First-RDW\First RDW\Library\ScriptAssemblies\Unity.Services.Core.Internal.dll
Symbol file LoadedFromMemory is not a mono symbol file
Symbol file data-000002201FDD3440 doesn't match image C:\Users\habib\OneDrive\Desktop\First-RDW\First RDW\Library\ScriptAssemblies\UnityEngine.SpatialTracking.dll
Symbol file LoadedFromMemory is not a mono symbol file
Symbol file data-000002201F3EE020 doesn't match image C:\Users\habib\OneDrive\Desktop\First-RDW\First RDW\Library\ScriptAssemblies\UnityEngine.UI.dll
Symbol file LoadedFromMemory is not a mono symbol file
Symbol file data-000002201FDD3440 doesn't match image C:\Users\habib\OneDrive\Desktop\First-RDW\First RDW\Library\ScriptAssemblies\Unity.Services.Core.Configuration.dll
Symbol file LoadedFromMemory is not a mono symbol file
Symbol file data-0000022020EFD010 doesn't match image C:\Users\habib\OneDrive\Desktop\First-RDW\First RDW\Library\ScriptAssemblies\Unity.XR.CoreUtils.Editor.dll
Symbol file LoadedFromMemory is not a mono symbol file
Symbol file data-0000021FBBF29020 doesn't match image C:\Users\habib\OneDrive\Desktop\First-RDW\First RDW\Library\ScriptAssemblies\Unity.ShaderGraph.Editor.dll
Symbol file LoadedFromMemory is not a mono symbol file
Symbol file data-000002201FDD3440 doesn't match image C:\Users\habib\OneDrive\Desktop\First-RDW\First RDW\Library\ScriptAssemblies\Unity.Services.Core.Configuration.Editor.dll
Symbol file LoadedFromMemory is not a mono symbol file
Symbol file data-0000021FB6B452A0 doesn't match image C:\Users\habib\OneDrive\Desktop\First-RDW\First RDW\Library\ScriptAssemblies\Unity.Services.Core.Registration.dll
Symbol file LoadedFromMemory is not a mono symbol file
Symbol file data-0000022087207B90 doesn't match image C:\Users\habib\OneDrive\Desktop\First-RDW\First RDW\Library\ScriptAssemblies\Unity.Services.Core.Environments.Internal.dll
Symbol file LoadedFromMemory is not a mono symbol file
Symbol file data-0000022087207B90 doesn't match image C:\Users\habib\OneDrive\Desktop\First-RDW\First RDW\Library\ScriptAssemblies\Unity.RenderPipeline.Universal.ShaderLibrary.dll
Symbol file LoadedFromMemory is not a mono symbol file
Symbol file data-0000021FBD4DA040 doesn't match image C:\Users\habib\OneDrive\Desktop\First-RDW\First RDW\Library\ScriptAssemblies\Unity.XR.Management.dll
Symbol file LoadedFromMemory is not a mono symbol file
Symbol file data-00000220203C0030 doesn't match image C:\Users\habib\OneDrive\Desktop\First-RDW\First RDW\Library\ScriptAssemblies\Unity.CollabProxy.Editor.dll
Symbol file LoadedFromMemory is not a mono symbol file
Symbol file data-0000022020EFD010 doesn't match image C:\Users\habib\OneDrive\Desktop\First-RDW\First RDW\Library\ScriptAssemblies\Unity.Mathematics.Editor.dll
Symbol file LoadedFromMemory is not a mono symbol file
Symbol file data-0000022087207B90 doesn't match image C:\Users\habib\OneDrive\Desktop\First-RDW\First RDW\Library\ScriptAssemblies\Unity.Services.Core.Threading.dll
Symbol file LoadedFromMemory is not a mono symbol file
Symbol file data-0000022020EFD010 doesn't match image C:\Users\habib\OneDrive\Desktop\First-RDW\First RDW\Library\ScriptAssemblies\Unity.XR.OpenXR.Features.RuntimeDebugger.dll
Symbol file LoadedFromMemory is not a mono symbol file
Symbol file data-0000022022117220 doesn't match image C:\Users\habib\OneDrive\Desktop\First-RDW\First RDW\Library\ScriptAssemblies\Unity.XR.Oculus.Editor.dll
Symbol file LoadedFromMemory is not a mono symbol file
Symbol file data-000002201F67A020 doesn't match image C:\Users\habib\OneDrive\Desktop\First-RDW\First RDW\Library\ScriptAssemblies\Unity.VisualScripting.Flow.Editor.dll
Symbol file LoadedFromMemory is not a mono symbol file
Symbol file data-0000021FBD885070 doesn't match image C:\Users\habib\OneDrive\Desktop\First-RDW\First RDW\Library\ScriptAssemblies\Unity.RenderPipelines.Universal.Runtime.dll
Symbol file LoadedFromMemory is not a mono symbol file
Symbol file data-0000022087207B90 doesn't match image C:\Users\habib\OneDrive\Desktop\First-RDW\First RDW\Library\ScriptAssemblies\PPv2URPConverters.dll
Symbol file LoadedFromMemory is not a mono symbol file
Symbol file data-0000022021C62030 doesn't match image C:\Users\habib\OneDrive\Desktop\First-RDW\First RDW\Library\ScriptAssemblies\Unity.VisualStudio.Editor.dll
Symbol file LoadedFromMemory is not a mono symbol file
Symbol file data-0000022022117220 doesn't match image C:\Users\habib\OneDrive\Desktop\First-RDW\First RDW\Library\ScriptAssemblies\Unity.XR.OpenXR.Features.OculusQuestSupport.Editor.dll
Symbol file LoadedFromMemory is not a mono symbol file
Symbol file data-00000220203C0030 doesn't match image C:\Users\habib\OneDrive\Desktop\First-RDW\First RDW\Library\ScriptAssemblies\UnityEngine.TestRunner.dll
Symbol file LoadedFromMemory is not a mono symbol file
Symbol file data-0000022021C62030 doesn't match image C:\Users\habib\OneDrive\Desktop\First-RDW\First RDW\Library\ScriptAssemblies\Unity.XR.Management.Editor.dll
Symbol file LoadedFromMemory is not a mono symbol file
Symbol file data-0000021FBC934010 doesn't match image C:\Users\habib\OneDrive\Desktop\First-RDW\First RDW\Library\ScriptAssemblies\Unity.Timeline.dll
Symbol file LoadedFromMemory is not a mono symbol file
Symbol file data-0000021FBA8C0010 doesn't match image C:\Users\habib\OneDrive\Desktop\First-RDW\First RDW\Library\ScriptAssemblies\Unity.VisualScripting.Core.Editor.dll
Symbol file LoadedFromMemory is not a mono symbol file
Symbol file data-00000220206E8010 doesn't match image C:\Users\habib\OneDrive\Desktop\First-RDW\First RDW\Library\ScriptAssemblies\Unity.TextMeshPro.dll
Symbol file LoadedFromMemory is not a mono symbol file
Symbol file data-0000022087207B90 doesn't match image C:\Users\habib\OneDrive\Desktop\First-RDW\First RDW\Library\ScriptAssemblies\Unity.InternalAPIEngineBridge.003.dll
Symbol file LoadedFromMemory is not a mono symbol file
Symbol file data-0000021FBC5FB010 doesn't match image C:\Users\habib\OneDrive\Desktop\First-RDW\First RDW\Library\ScriptAssemblies\Unity.Burst.Editor.dll
Symbol file LoadedFromMemory is not a mono symbol file
Symbol file data-000002201FEE7050 doesn't match image C:\Users\habib\OneDrive\Desktop\First-RDW\First RDW\Library\ScriptAssemblies\Unity.XR.Interaction.Toolkit.dll
Symbol file LoadedFromMemory is not a mono symbol file
Symbol file data-000002201F417030 doesn't match image C:\Users\habib\OneDrive\Desktop\First-RDW\First RDW\Library\ScriptAssemblies\Unity.XR.OpenXR.Features.MockRuntime.dll
Symbol file LoadedFromMemory is not a mono symbol file
Symbol file data-0000021FBC934010 doesn't match image C:\Users\habib\OneDrive\Desktop\First-RDW\First RDW\Library\ScriptAssemblies\Unity.2D.Sprite.Editor.dll
Symbol file LoadedFromMemory is not a mono symbol file
Symbol file data-00000220206E8010 doesn't match image C:\Users\habib\OneDrive\Desktop\First-RDW\First RDW\Library\ScriptAssemblies\Unity.RenderPipelines.Core.Runtime.dll
Symbol file LoadedFromMemory is not a mono symbol file
Symbol file data-0000021FBCDDD010 doesn't match image C:\Users\habib\OneDrive\Desktop\First-RDW\First RDW\Library\ScriptAssemblies\Unity.VisualScripting.Flow.dll
Symbol file LoadedFromMemory is not a mono symbol file
Symbol file data-0000021FBD885070 doesn't match image C:\Users\habib\OneDrive\Desktop\First-RDW\First RDW\Library\ScriptAssemblies\Unity.PlasticSCM.Editor.dll
Symbol file LoadedFromMemory is not a mono symbol file
Symbol file data-0000022087207B90 doesn't match image C:\Users\habib\OneDrive\Desktop\First-RDW\First RDW\Library\ScriptAssemblies\Unity.XR.OpenXR.Features.OculusQuestSupport.dll
Symbol file LoadedFromMemory is not a mono symbol file
Symbol file data-000002201F417030 doesn't match image C:\Users\habib\OneDrive\Desktop\First-RDW\First RDW\Library\ScriptAssemblies\Unity.Services.Core.dll
Symbol file LoadedFromMemory is not a mono symbol file
Symbol file data-0000021FBD885070 doesn't match image C:\Users\habib\OneDrive\Desktop\First-RDW\First RDW\Library\ScriptAssemblies\Unity.VisualScripting.Core.dll
Symbol file LoadedFromMemory is not a mono symbol file
Symbol file data-0000021FB6702E40 doesn't match image C:\Users\habib\OneDrive\Desktop\First-RDW\First RDW\Library\ScriptAssemblies\Unity.Mathematics.dll
Symbol file LoadedFromMemory is not a mono symbol file
Symbol file data-0000022021C62030 doesn't match image C:\Users\habib\OneDrive\Desktop\First-RDW\First RDW\Library\ScriptAssemblies\Unity.Services.Core.Editor.dll
Symbol file LoadedFromMemory is not a mono symbol file
Symbol file data-0000021FB6BDC660 doesn't match image C:\Users\habib\OneDrive\Desktop\First-RDW\First RDW\Library\ScriptAssemblies\Unity.Services.Core.Analytics.dll
Symbol file LoadedFromMemory is not a mono symbol file
Symbol file data-0000021FB684C010 doesn't match image C:\Users\habib\OneDrive\Desktop\First-RDW\First RDW\Library\ScriptAssemblies\Unity.Burst.dll
Symbol file LoadedFromMemory is not a mono symbol file
Symbol file data-00000220206E8010 doesn't match image C:\Users\habib\OneDrive\Desktop\First-RDW\First RDW\Library\ScriptAssemblies\Unity.RenderPipelines.Universal.Editor.dll
Symbol file LoadedFromMemory is not a mono symbol file
Symbol file data-0000022022117220 doesn't match image C:\Users\habib\OneDrive\Desktop\First-RDW\First RDW\Library\ScriptAssemblies\UnityEngine.XR.LegacyInputHelpers.dll
Symbol file LoadedFromMemory is not a mono symbol file
Symbol file data-0000022022117220 doesn't match image C:\Users\habib\OneDrive\Desktop\First-RDW\First RDW\Library\ScriptAssemblies\Unity.VisualScripting.Shared.Editor.dll
Symbol file LoadedFromMemory is not a mono symbol file
Symbol file data-0000022021C62030 doesn't match image C:\Users\habib\OneDrive\Desktop\First-RDW\First RDW\Library\ScriptAssemblies\Unity.XR.OpenXR.Editor.dll
Symbol file LoadedFromMemory is not a mono symbol file
Symbol file data-0000021FB6BDC660 doesn't match image C:\Users\habib\OneDrive\Desktop\First-RDW\First RDW\Library\ScriptAssemblies\Unity.Services.Core.Environments.dll
Symbol file LoadedFromMemory is not a mono symbol file
Symbol file data-0000022022117220 doesn't match image C:\Users\habib\OneDrive\Desktop\First-RDW\First RDW\Library\ScriptAssemblies\Unity.Services.Core.Scheduler.dll
Symbol file LoadedFromMemory is not a mono symbol file
Symbol file data-00000220215DA030 doesn't match image C:\Users\habib\OneDrive\Desktop\First-RDW\First RDW\Library\ScriptAssemblies\Unity.Timeline.Editor.dll
Symbol file LoadedFromMemory is not a mono symbol file
Symbol file data-0000022088FFB020 doesn't match image C:\Users\habib\OneDrive\Desktop\First-RDW\First RDW\Library\ScriptAssemblies\Unity.XR.CoreUtils.dll
Symbol file LoadedFromMemory is not a mono symbol file
Symbol file data-00000220213C60E0 doesn't match image C:\Users\habib\OneDrive\Desktop\First-RDW\First RDW\Library\ScriptAssemblies\Unity.RenderPipelines.ShaderGraph.ShaderGraphLibrary.dll
Symbol file LoadedFromMemory is not a mono symbol file
Symbol file data-0000021FBCED3020 doesn't match image C:\Users\habib\OneDrive\Desktop\First-RDW\First RDW\Library\ScriptAssemblies\UnityEditor.XR.LegacyInputHelpers.dll
Symbol file LoadedFromMemory is not a mono symbol file
Symbol file data-0000021FBCED3020 doesn't match image C:\Users\habib\OneDrive\Desktop\First-RDW\First RDW\Library\ScriptAssemblies\Unity.VectorGraphics.Editor.dll
Symbol file LoadedFromMemory is not a mono symbol file
Symbol file data-0000022088FFB020 doesn't match image C:\Users\habib\OneDrive\Desktop\First-RDW\First RDW\Library\ScriptAssemblies\Unity.XR.OpenXR.dll
Symbol file LoadedFromMemory is not a mono symbol file
Symbol file data-0000022020B45E40 doesn't match image C:\Users\habib\OneDrive\Desktop\First-RDW\First RDW\Library\ScriptAssemblies\Unity.XR.Interaction.Toolkit.Editor.dll
Symbol file LoadedFromMemory is not a mono symbol file
Symbol file data-0000021FBCED3020 doesn't match image C:\Users\habib\OneDrive\Desktop\First-RDW\First RDW\Library\ScriptAssemblies\Unity.XR.Oculus.dll
Symbol file LoadedFromMemory is not a mono symbol file
Symbol file data-0000021FBCED3020 doesn't match image C:\Users\habib\OneDrive\Desktop\First-RDW\First RDW\Library\ScriptAssemblies\UnityEditor.SpatialTracking.dll
Symbol file LoadedFromMemory is not a mono symbol file
Symbol file data-0000021FBCED3020 doesn't match image C:\Users\habib\OneDrive\Desktop\First-RDW\First RDW\Library\ScriptAssemblies\Unity.XR.OpenXR.Features.ConformanceAutomation.dll
Symbol file LoadedFromMemory is not a mono symbol file
Symbol file data-00000220206E8010 doesn't match image C:\Users\habib\OneDrive\Desktop\First-RDW\First RDW\Library\ScriptAssemblies\Unity.RenderPipelines.Core.Editor.dll
Symbol file LoadedFromMemory is not a mono symbol file
Symbol file data-0000021FBCED3020 doesn't match image C:\Users\habib\OneDrive\Desktop\First-RDW\First RDW\Library\ScriptAssemblies\Unity.XR.OpenXR.Features.RuntimeDebugger.Editor.dll
Symbol file LoadedFromMemory is not a mono symbol file
Symbol file data-0000021FBA50C020 doesn't match image C:\Users\habib\OneDrive\Desktop\First-RDW\First RDW\Library\ScriptAssemblies\Unity.VisualScripting.State.dll
Symbol file LoadedFromMemory is not a mono symbol file
Symbol file data-0000021FBA50C020 doesn't match image C:\Users\habib\OneDrive\Desktop\First-RDW\First RDW\Library\ScriptAssemblies\Unity.Services.Core.Device.dll
Symbol file LoadedFromMemory is not a mono symbol file
Symbol file LoadedFromMemory doesn't match image C:\Users\habib\OneDrive\Desktop\First-RDW\First RDW\Library\PackageCache\com.unity.visualscripting@1.7.8\Editor\VisualScripting.Core\Dependencies\DotNetZip\Unity.VisualScripting.IonicZip.dll
Symbol file LoadedFromMemory doesn't match image C:\Users\habib\OneDrive\Desktop\First-RDW\First RDW\Library\PackageCache\com.unity.visualscripting@1.7.8\Editor\VisualScripting.Core\Dependencies\YamlDotNet\Unity.VisualScripting.YamlDotNet.dll
Native extension for WindowsStandalone target not found
Native extension for Android target not found
Refreshing native plugins compatible for Editor in 1.17 ms, found 11 plugins.
Preloading 1 native plugins for Editor in 0.12 ms.
[Package Manager] Server::EnsureServerProcessIsRunning -- launch failed, reason: Unity was launched with the -noUpm command-line argument
[Package Manager] UpmClient::Send -- Unable to send message (not connected to UPM process).
[Package Manager] Cannot connect to Unity Package Manager local server
System.Reflection.TargetInvocationException: Exception has been thrown by the target of an invocation. ---> System.NullReferenceException: Object reference not set to an instance of an object
  at Unity.XR.Oculus.OculusLoader.AssetPathToAbsolutePath (System.String assetPath) [0x00047] in <53a72eedeaab4a66b5f0de8d500e29b5>:0 
  at Unity.XR.Oculus.OculusLoader.EditorLoadOVRPlugin () [0x000b0] in <53a72eedeaab4a66b5f0de8d500e29b5>:0 
  at (wrapper managed-to-native) System.Reflection.RuntimeMethodInfo.InternalInvoke(System.Reflection.RuntimeMethodInfo,object,object[],System.Exception&)
  at System.Reflection.RuntimeMethodInfo.Invoke (System.Object obj, System.Reflection.BindingFlags invokeAttr, System.Reflection.Binder binder, System.Object[] parameters, System.Globalization.CultureInfo culture) [0x0006a] in <252f5a151e57406087568ebdeb88d5fe>:0 
   --- End of inner exception stack trace ---
  at System.Reflection.RuntimeMethodInfo.Invoke (System.Object obj, System.Reflection.BindingFlags invokeAttr, System.Reflection.Binder binder, System.Object[] parameters, System.Globalization.CultureInfo culture) [0x00083] in <252f5a151e57406087568ebdeb88d5fe>:0 
  at System.Reflection.MethodBase.Invoke (System.Object obj, System.Object[] parameters) [0x00000] in <252f5a151e57406087568ebdeb88d5fe>:0 
  at UnityEditor.EditorAssemblies.ProcessInitializeOnLoadMethodAttributes () [0x000a5] in <4ce403b7cdf744109283ae55cdc24285>:0 
UnityEngine.StackTraceUtility:ExtractStackTrace ()
UnityEngine.DebugLogHandler:LogFormat (UnityEngine.LogType,UnityEngine.Object,string,object[])
UnityEngine.Logger:Log (UnityEngine.LogType,object)
UnityEngine.Debug:LogError (object)
UnityEditor.EditorAssemblies:ProcessInitializeOnLoadMethodAttributes ()

Mono: successfully reloaded assembly
[Package Manager] Server::EnsureServerProcessIsRunning -- launch failed, reason: Unity was launched with the -noUpm command-line argument
[Package Manager] UpmClient::Send -- Unable to send message (not connected to UPM process).
[Package Manager] Cannot connect to Unity Package Manager local server
- Completed reload, in  1.012 seconds
Domain Reload Profiling:
	ReloadAssembly (1012ms)
		BeginReloadAssembly (104ms)
			ExecutionOrderSort (0ms)
			DisableScriptedObjects (4ms)
			BackupInstance (0ms)
			ReleaseScriptingObjects (0ms)
			CreateAndSetChildDomain (34ms)
		EndReloadAssembly (833ms)
			LoadAssemblies (67ms)
			RebuildTransferFunctionScriptingTraits (0ms)
			SetupTypeCache (229ms)
				TypeCache.Initialize (217ms)
					TypeCache.ScanAssembly (213ms)
				ResolveRequiredComponents (12ms)
			ReleaseScriptCaches (2ms)
			RebuildScriptCaches (47ms)
			SetupLoadedEditorAssemblies (417ms)
				LogAssemblyErrors (0ms)
				InitializePlatformSupportModulesInManaged (18ms)
				SetLoadedEditorAssemblies (8ms)
				RefreshPlugins (1ms)
				BeforeProcessingInitializeOnLoad (87ms)
				ProcessInitializeOnLoadAttributes (231ms)
				ProcessInitializeOnLoadMethodAttributes (67ms)
				AfterProcessingInitializeOnLoad (4ms)
				EditorAssembliesLoaded (0ms)
			ExecutionOrderSort2 (0ms)
			AwakeInstancesAfterBackupRestoration (12ms)
Platform modules already initialized, skipping
Refreshing native plugins compatible for Editor in 3.52 ms, found 11 plugins.
Preloading 1 native plugins for Editor in 0.05 ms.
Unloading 5856 Unused Serialized files (Serialized files now loaded: 0)
Unloading 43 unused Assets / (349.4 KB). Loaded Objects now: 6484.
Memory consumption went from 0.92 GB to 0.92 GB.
Total: 2.748300 ms (FindLiveObjects: 0.265200 ms CreateObjectMapping: 0.164300 ms MarkObjects: 2.249500 ms  DeleteObjects: 0.068300 ms)

AssetImportParameters requested are different than current active one (requested -> active):
  custom:video-decoder-ogg-theora: a1e56fd34408186e4bbccfd4996cb3dc -> 
  custom:container-muxer-webm: aa71ff27fc2769a1b78a27578f13a17b -> 
  custom:container-demuxer-webm: 4f35f7cbe854078d1ac9338744f61a02 -> 
  custom:video-encoder-webm-vp8: eb34c28f22e8b96e1ab97ce403110664 -> 
  custom:audio-encoder-webm-vorbis: bf7c407c2cedff20999df2af8eb42d56 -> 
  custom:framework-win-MediaFoundation: 216162199b28c13a410421893ffa2e32 -> 
  custom:container-demuxer-ogg: 62fdf1f143b41e24485cea50d1cbac27 -> 
  custom:video-decoder-webm-vp8: 9c59270c3fd7afecdb556c50c9e8de78 -> 
  custom:audio-decoder-ogg-vorbis: bf7c407c2cedff20999df2af8eb42d56 -> 
========================================================================
Received Prepare
Registering precompiled user dll's ...
Registered in 0.008424 seconds.
Begin MonoManager ReloadAssembly
Symbol file data-0000021FBDA1D030 doesn't match image C:\Users\habib\OneDrive\Desktop\First-RDW\First RDW\Library\ScriptAssemblies\Unity.VSCode.Editor.dll
Symbol file LoadedFromMemory is not a mono symbol file
Symbol file data-0000021FBD4DA040 doesn't match image C:\Users\habib\OneDrive\Desktop\First-RDW\First RDW\Library\ScriptAssemblies\Unity.InternalAPIEditorBridge.003.dll
Symbol file LoadedFromMemory is not a mono symbol file
Symbol file data-0000021FB67D80A0 doesn't match image C:\Users\habib\OneDrive\Desktop\First-RDW\First RDW\Library\ScriptAssemblies\Unity.RenderPipelines.Universal.Shaders.dll
Symbol file LoadedFromMemory is not a mono symbol file
Symbol file data-00000220871A1430 doesn't match image C:\Users\habib\OneDrive\Desktop\First-RDW\First RDW\Library\ScriptAssemblies\Unity.TextMeshPro.Editor.dll
Symbol file LoadedFromMemory is not a mono symbol file
Symbol file data-0000021FBA50C020 doesn't match image C:\Users\habib\OneDrive\Desktop\First-RDW\First RDW\Library\ScriptAssemblies\Unity.Services.Core.Telemetry.dll
Symbol file LoadedFromMemory is not a mono symbol file
Symbol file data-0000022020F06F20 doesn't match image C:\Users\habib\OneDrive\Desktop\First-RDW\First RDW\Library\ScriptAssemblies\Unity.VectorGraphics.dll
Symbol file LoadedFromMemory is not a mono symbol file
Symbol file data-000002208738EA30 doesn't match image C:\Users\habib\OneDrive\Desktop\First-RDW\First RDW\Library\ScriptAssemblies\Unity.Services.Core.Networking.dll
Symbol file LoadedFromMemory is not a mono symbol file
Symbol file data-0000022088FFB020 doesn't match image C:\Users\habib\OneDrive\Desktop\First-RDW\First RDW\Library\ScriptAssemblies\Unity.VisualScripting.State.Editor.dll
Symbol file LoadedFromMemory is not a mono symbol file
Symbol file data-000002201F2A8010 doesn't match image C:\Users\habib\OneDrive\Desktop\First-RDW\First RDW\Library\ScriptAssemblies\UnityEditor.TestRunner.dll
Symbol file LoadedFromMemory is not a mono symbol file
Symbol file data-0000022021C62030 doesn't match image C:\Users\habib\OneDrive\Desktop\First-RDW\First RDW\Library\ScriptAssemblies\Unity.Searcher.Editor.dll
Symbol file LoadedFromMemory is not a mono symbol file
Symbol file data-0000021FBD4DA040 doesn't match image C:\Users\habib\OneDrive\Desktop\First-RDW\First RDW\Library\ScriptAssemblies\Unity.VisualScripting.SettingsProvider.Editor.dll
Symbol file LoadedFromMemory is not a mono symbol file
Symbol file data-0000021FB69E5A90 doesn't match image C:\Users\habib\OneDrive\Desktop\First-RDW\First RDW\Library\ScriptAssemblies\Unity.Burst.CodeGen.dll
Symbol file LoadedFromMemory is not a mono symbol file
Symbol file data-000002208738EA30 doesn't match image C:\Users\habib\OneDrive\Desktop\First-RDW\First RDW\Library\ScriptAssemblies\Unity.ShaderGraph.Utilities.dll
Symbol file LoadedFromMemory is not a mono symbol file
Symbol file data-0000022088FFB020 doesn't match image C:\Users\habib\OneDrive\Desktop\First-RDW\First RDW\Library\ScriptAssemblies\UnityEditor.UI.dll
Symbol file LoadedFromMemory is not a mono symbol file
Symbol file data-0000021FBD8DF030 doesn't match image C:\Users\habib\OneDrive\Desktop\First-RDW\First RDW\Library\ScriptAssemblies\Unity.InputSystem.dll
Symbol file LoadedFromMemory is not a mono symbol file
Symbol file data-0000022088FFB020 doesn't match image C:\Users\habib\OneDrive\Desktop\First-RDW\First RDW\Library\ScriptAssemblies\Unity.Rider.Editor.dll
Symbol file LoadedFromMemory is not a mono symbol file
Symbol file data-0000021FB67E40D0 doesn't match image C:\Users\habib\OneDrive\Desktop\First-RDW\First RDW\Library\ScriptAssemblies\Unity.RenderPipelines.Core.ShaderLibrary.dll
Symbol file LoadedFromMemory is not a mono symbol file
Symbol file data-0000022021C62030 doesn't match image C:\Users\habib\OneDrive\Desktop\First-RDW\First RDW\Library\ScriptAssemblies\Unity.Services.Core.Internal.dll
Symbol file LoadedFromMemory is not a mono symbol file
Symbol file data-0000021FBD4DA040 doesn't match image C:\Users\habib\OneDrive\Desktop\First-RDW\First RDW\Library\ScriptAssemblies\UnityEngine.SpatialTracking.dll
Symbol file LoadedFromMemory is not a mono symbol file
Symbol file data-0000021FBD2D5020 doesn't match image C:\Users\habib\OneDrive\Desktop\First-RDW\First RDW\Library\ScriptAssemblies\UnityEngine.UI.dll
Symbol file LoadedFromMemory is not a mono symbol file
Symbol file data-0000021FBD4DA040 doesn't match image C:\Users\habib\OneDrive\Desktop\First-RDW\First RDW\Library\ScriptAssemblies\Unity.Services.Core.Configuration.dll
Symbol file LoadedFromMemory is not a mono symbol file
Symbol file data-0000021FBA50C020 doesn't match image C:\Users\habib\OneDrive\Desktop\First-RDW\First RDW\Library\ScriptAssemblies\Unity.XR.CoreUtils.Editor.dll
Symbol file LoadedFromMemory is not a mono symbol file
Symbol file data-0000021FBBF29020 doesn't match image C:\Users\habib\OneDrive\Desktop\First-RDW\First RDW\Library\ScriptAssemblies\Unity.ShaderGraph.Editor.dll
Symbol file LoadedFromMemory is not a mono symbol file
Symbol file data-0000021FBD4DA040 doesn't match image C:\Users\habib\OneDrive\Desktop\First-RDW\First RDW\Library\ScriptAssemblies\Unity.Services.Core.Configuration.Editor.dll
Symbol file LoadedFromMemory is not a mono symbol file
Symbol file data-0000021FBA50C020 doesn't match image C:\Users\habib\OneDrive\Desktop\First-RDW\First RDW\Library\ScriptAssemblies\Unity.Services.Core.Registration.dll
Symbol file LoadedFromMemory is not a mono symbol file
Symbol file data-000002208738EA30 doesn't match image C:\Users\habib\OneDrive\Desktop\First-RDW\First RDW\Library\ScriptAssemblies\Unity.Services.Core.Environments.Internal.dll
Symbol file LoadedFromMemory is not a mono symbol file
Symbol file data-000002208738EA30 doesn't match image C:\Users\habib\OneDrive\Desktop\First-RDW\First RDW\Library\ScriptAssemblies\Unity.RenderPipeline.Universal.ShaderLibrary.dll
Symbol file LoadedFromMemory is not a mono symbol file
Symbol file data-0000022020EFD010 doesn't match image C:\Users\habib\OneDrive\Desktop\First-RDW\First RDW\Library\ScriptAssemblies\Unity.XR.Management.dll
Symbol file LoadedFromMemory is not a mono symbol file
Symbol file data-00000220203C0030 doesn't match image C:\Users\habib\OneDrive\Desktop\First-RDW\First RDW\Library\ScriptAssemblies\Unity.CollabProxy.Editor.dll
Symbol file LoadedFromMemory is not a mono symbol file
Symbol file data-0000021FBCED3020 doesn't match image C:\Users\habib\OneDrive\Desktop\First-RDW\First RDW\Library\ScriptAssemblies\Unity.Mathematics.Editor.dll
Symbol file LoadedFromMemory is not a mono symbol file
Symbol file data-000002208738EA30 doesn't match image C:\Users\habib\OneDrive\Desktop\First-RDW\First RDW\Library\ScriptAssemblies\Unity.Services.Core.Threading.dll
Symbol file LoadedFromMemory is not a mono symbol file
Symbol file data-0000021FBCED3020 doesn't match image C:\Users\habib\OneDrive\Desktop\First-RDW\First RDW\Library\ScriptAssemblies\Unity.XR.OpenXR.Features.RuntimeDebugger.dll
Symbol file LoadedFromMemory is not a mono symbol file
Symbol file data-0000021FBC6ED030 doesn't match image C:\Users\habib\OneDrive\Desktop\First-RDW\First RDW\Library\ScriptAssemblies\Unity.XR.Oculus.Editor.dll
Symbol file LoadedFromMemory is not a mono symbol file
Symbol file data-0000021FBDA77020 doesn't match image C:\Users\habib\OneDrive\Desktop\First-RDW\First RDW\Library\ScriptAssemblies\Unity.VisualScripting.Flow.Editor.dll
Symbol file LoadedFromMemory is not a mono symbol file
Symbol file data-0000021FBBDFF010 doesn't match image C:\Users\habib\OneDrive\Desktop\First-RDW\First RDW\Library\ScriptAssemblies\Unity.RenderPipelines.Universal.Runtime.dll
Symbol file LoadedFromMemory is not a mono symbol file
Symbol file data-000002208738EA30 doesn't match image C:\Users\habib\OneDrive\Desktop\First-RDW\First RDW\Library\ScriptAssemblies\PPv2URPConverters.dll
Symbol file LoadedFromMemory is not a mono symbol file
Symbol file data-0000022088FFB020 doesn't match image C:\Users\habib\OneDrive\Desktop\First-RDW\First RDW\Library\ScriptAssemblies\Unity.VisualStudio.Editor.dll
Symbol file LoadedFromMemory is not a mono symbol file
Symbol file data-000002201F2BEA20 doesn't match image C:\Users\habib\OneDrive\Desktop\First-RDW\First RDW\Library\ScriptAssemblies\Unity.XR.OpenXR.Features.OculusQuestSupport.Editor.dll
Symbol file LoadedFromMemory is not a mono symbol file
Symbol file data-00000220203C0030 doesn't match image C:\Users\habib\OneDrive\Desktop\First-RDW\First RDW\Library\ScriptAssemblies\UnityEngine.TestRunner.dll
Symbol file LoadedFromMemory is not a mono symbol file
Symbol file data-0000022088FFB020 doesn't match image C:\Users\habib\OneDrive\Desktop\First-RDW\First RDW\Library\ScriptAssemblies\Unity.XR.Management.Editor.dll
Symbol file LoadedFromMemory is not a mono symbol file
Symbol file data-0000021FBC418010 doesn't match image C:\Users\habib\OneDrive\Desktop\First-RDW\First RDW\Library\ScriptAssemblies\Unity.Timeline.dll
Symbol file LoadedFromMemory is not a mono symbol file
Symbol file data-0000021FBA8C0010 doesn't match image C:\Users\habib\OneDrive\Desktop\First-RDW\First RDW\Library\ScriptAssemblies\Unity.VisualScripting.Core.Editor.dll
Symbol file LoadedFromMemory is not a mono symbol file
Symbol file data-00000220201C0090 doesn't match image C:\Users\habib\OneDrive\Desktop\First-RDW\First RDW\Library\ScriptAssemblies\Unity.TextMeshPro.dll
Symbol file LoadedFromMemory is not a mono symbol file
Symbol file data-000002208738EA30 doesn't match image C:\Users\habib\OneDrive\Desktop\First-RDW\First RDW\Library\ScriptAssemblies\Unity.InternalAPIEngineBridge.003.dll
Symbol file LoadedFromMemory is not a mono symbol file
Symbol file data-0000021FBC5FB010 doesn't match image C:\Users\habib\OneDrive\Desktop\First-RDW\First RDW\Library\ScriptAssemblies\Unity.Burst.Editor.dll
Symbol file LoadedFromMemory is not a mono symbol file
Symbol file data-000002201F887040 doesn't match image C:\Users\habib\OneDrive\Desktop\First-RDW\First RDW\Library\ScriptAssemblies\Unity.XR.Interaction.Toolkit.dll
Symbol file LoadedFromMemory is not a mono symbol file
Symbol file data-000002201F2BEA20 doesn't match image C:\Users\habib\OneDrive\Desktop\First-RDW\First RDW\Library\ScriptAssemblies\Unity.XR.OpenXR.Features.MockRuntime.dll
Symbol file LoadedFromMemory is not a mono symbol file
Symbol file data-0000021FBC418010 doesn't match image C:\Users\habib\OneDrive\Desktop\First-RDW\First RDW\Library\ScriptAssemblies\Unity.2D.Sprite.Editor.dll
Symbol file LoadedFromMemory is not a mono symbol file
Symbol file data-00000220201C0090 doesn't match image C:\Users\habib\OneDrive\Desktop\First-RDW\First RDW\Library\ScriptAssemblies\Unity.RenderPipelines.Core.Runtime.dll
Symbol file LoadedFromMemory is not a mono symbol file
Symbol file data-000002201F1E0080 doesn't match image C:\Users\habib\OneDrive\Desktop\First-RDW\First RDW\Library\ScriptAssemblies\Unity.VisualScripting.Flow.dll
Symbol file LoadedFromMemory is not a mono symbol file
Symbol file data-0000021FBBDFF010 doesn't match image C:\Users\habib\OneDrive\Desktop\First-RDW\First RDW\Library\ScriptAssemblies\Unity.PlasticSCM.Editor.dll
Symbol file LoadedFromMemory is not a mono symbol file
Symbol file data-000002208738EA30 doesn't match image C:\Users\habib\OneDrive\Desktop\First-RDW\First RDW\Library\ScriptAssemblies\Unity.XR.OpenXR.Features.OculusQuestSupport.dll
Symbol file LoadedFromMemory is not a mono symbol file
Symbol file data-000002201F2BEA20 doesn't match image C:\Users\habib\OneDrive\Desktop\First-RDW\First RDW\Library\ScriptAssemblies\Unity.Services.Core.dll
Symbol file LoadedFromMemory is not a mono symbol file
Symbol file data-0000021FBBDFF010 doesn't match image C:\Users\habib\OneDrive\Desktop\First-RDW\First RDW\Library\ScriptAssemblies\Unity.VisualScripting.Core.dll
Symbol file LoadedFromMemory is not a mono symbol file
Symbol file data-0000021FB6702E40 doesn't match image C:\Users\habib\OneDrive\Desktop\First-RDW\First RDW\Library\ScriptAssemblies\Unity.Mathematics.dll
Symbol file LoadedFromMemory is not a mono symbol file
Symbol file data-000002208A7CD010 doesn't match image C:\Users\habib\OneDrive\Desktop\First-RDW\First RDW\Library\ScriptAssemblies\Unity.Services.Core.Editor.dll
Symbol file LoadedFromMemory is not a mono symbol file
Symbol file data-000002208738EA30 doesn't match image C:\Users\habib\OneDrive\Desktop\First-RDW\First RDW\Library\ScriptAssemblies\Unity.Services.Core.Analytics.dll
Symbol file LoadedFromMemory is not a mono symbol file
Symbol file data-000002201FF2B020 doesn't match image C:\Users\habib\OneDrive\Desktop\First-RDW\First RDW\Library\ScriptAssemblies\Unity.Burst.dll
Symbol file LoadedFromMemory is not a mono symbol file
Symbol file data-00000220201C0090 doesn't match image C:\Users\habib\OneDrive\Desktop\First-RDW\First RDW\Library\ScriptAssemblies\Unity.RenderPipelines.Universal.Editor.dll
Symbol file LoadedFromMemory is not a mono symbol file
Symbol file data-0000021FBC6ED030 doesn't match image C:\Users\habib\OneDrive\Desktop\First-RDW\First RDW\Library\ScriptAssemblies\UnityEngine.XR.LegacyInputHelpers.dll
Symbol file LoadedFromMemory is not a mono symbol file
Symbol file data-0000021FBC6ED030 doesn't match image C:\Users\habib\OneDrive\Desktop\First-RDW\First RDW\Library\ScriptAssemblies\Unity.VisualScripting.Shared.Editor.dll
Symbol file LoadedFromMemory is not a mono symbol file
Symbol file data-000002208A7CD010 doesn't match image C:\Users\habib\OneDrive\Desktop\First-RDW\First RDW\Library\ScriptAssemblies\Unity.XR.OpenXR.Editor.dll
Symbol file LoadedFromMemory is not a mono symbol file
Symbol file data-000002208738EA30 doesn't match image C:\Users\habib\OneDrive\Desktop\First-RDW\First RDW\Library\ScriptAssemblies\Unity.Services.Core.Environments.dll
Symbol file LoadedFromMemory is not a mono symbol file
Symbol file data-0000021FBC6ED030 doesn't match image C:\Users\habib\OneDrive\Desktop\First-RDW\First RDW\Library\ScriptAssemblies\Unity.Services.Core.Scheduler.dll
Symbol file LoadedFromMemory is not a mono symbol file
Symbol file data-00000220877DB020 doesn't match image C:\Users\habib\OneDrive\Desktop\First-RDW\First RDW\Library\ScriptAssemblies\Unity.Timeline.Editor.dll
Symbol file LoadedFromMemory is not a mono symbol file
Symbol file data-0000022088FFB020 doesn't match image C:\Users\habib\OneDrive\Desktop\First-RDW\First RDW\Library\ScriptAssemblies\Unity.XR.CoreUtils.dll
Symbol file LoadedFromMemory is not a mono symbol file
Symbol file data-0000021FB67D80A0 doesn't match image C:\Users\habib\OneDrive\Desktop\First-RDW\First RDW\Library\ScriptAssemblies\Unity.RenderPipelines.ShaderGraph.ShaderGraphLibrary.dll
Symbol file LoadedFromMemory is not a mono symbol file
Symbol file data-0000021FBDBE9050 doesn't match image C:\Users\habib\OneDrive\Desktop\First-RDW\First RDW\Library\ScriptAssemblies\UnityEditor.XR.LegacyInputHelpers.dll
Symbol file LoadedFromMemory is not a mono symbol file
Symbol file data-0000021FBDBE9050 doesn't match image C:\Users\habib\OneDrive\Desktop\First-RDW\First RDW\Library\ScriptAssemblies\Unity.VectorGraphics.Editor.dll
Symbol file LoadedFromMemory is not a mono symbol file
Symbol file data-0000022088FFB020 doesn't match image C:\Users\habib\OneDrive\Desktop\First-RDW\First RDW\Library\ScriptAssemblies\Unity.XR.OpenXR.dll
Symbol file LoadedFromMemory is not a mono symbol file
Symbol file data-0000022020B45E40 doesn't match image C:\Users\habib\OneDrive\Desktop\First-RDW\First RDW\Library\ScriptAssemblies\Unity.XR.Interaction.Toolkit.Editor.dll
Symbol file LoadedFromMemory is not a mono symbol file
Symbol file data-0000021FBDBE9050 doesn't match image C:\Users\habib\OneDrive\Desktop\First-RDW\First RDW\Library\ScriptAssemblies\Unity.XR.Oculus.dll
Symbol file LoadedFromMemory is not a mono symbol file
Symbol file data-000002208738EA30 doesn't match image C:\Users\habib\OneDrive\Desktop\First-RDW\First RDW\Library\ScriptAssemblies\UnityEditor.SpatialTracking.dll
Symbol file LoadedFromMemory is not a mono symbol file
Symbol file data-000002208738EA30 doesn't match image C:\Users\habib\OneDrive\Desktop\First-RDW\First RDW\Library\ScriptAssemblies\Unity.XR.OpenXR.Features.ConformanceAutomation.dll
Symbol file LoadedFromMemory is not a mono symbol file
Symbol file data-00000220201C0090 doesn't match image C:\Users\habib\OneDrive\Desktop\First-RDW\First RDW\Library\ScriptAssemblies\Unity.RenderPipelines.Core.Editor.dll
Symbol file LoadedFromMemory is not a mono symbol file
Symbol file data-0000021FBDBE9050 doesn't match image C:\Users\habib\OneDrive\Desktop\First-RDW\First RDW\Library\ScriptAssemblies\Unity.XR.OpenXR.Features.RuntimeDebugger.Editor.dll
Symbol file LoadedFromMemory is not a mono symbol file
Symbol file data-0000021FBA342030 doesn't match image C:\Users\habib\OneDrive\Desktop\First-RDW\First RDW\Library\ScriptAssemblies\Unity.VisualScripting.State.dll
Symbol file LoadedFromMemory is not a mono symbol file
Symbol file data-0000021FBA342030 doesn't match image C:\Users\habib\OneDrive\Desktop\First-RDW\First RDW\Library\ScriptAssemblies\Unity.Services.Core.Device.dll
Symbol file LoadedFromMemory is not a mono symbol file
Symbol file LoadedFromMemory doesn't match image C:\Users\habib\OneDrive\Desktop\First-RDW\First RDW\Library\PackageCache\com.unity.visualscripting@1.7.8\Editor\VisualScripting.Core\Dependencies\DotNetZip\Unity.VisualScripting.IonicZip.dll
Symbol file LoadedFromMemory doesn't match image C:\Users\habib\OneDrive\Desktop\First-RDW\First RDW\Library\PackageCache\com.unity.visualscripting@1.7.8\Editor\VisualScripting.Core\Dependencies\YamlDotNet\Unity.VisualScripting.YamlDotNet.dll
Native extension for WindowsStandalone target not found
Native extension for Android target not found
Refreshing native plugins compatible for Editor in 1.43 ms, found 11 plugins.
Preloading 1 native plugins for Editor in 0.14 ms.
[Package Manager] Server::EnsureServerProcessIsRunning -- launch failed, reason: Unity was launched with the -noUpm command-line argument
[Package Manager] UpmClient::Send -- Unable to send message (not connected to UPM process).
[Package Manager] Cannot connect to Unity Package Manager local server
System.Reflection.TargetInvocationException: Exception has been thrown by the target of an invocation. ---> System.NullReferenceException: Object reference not set to an instance of an object
  at Unity.XR.Oculus.OculusLoader.AssetPathToAbsolutePath (System.String assetPath) [0x00047] in <53a72eedeaab4a66b5f0de8d500e29b5>:0 
  at Unity.XR.Oculus.OculusLoader.EditorLoadOVRPlugin () [0x000b0] in <53a72eedeaab4a66b5f0de8d500e29b5>:0 
  at (wrapper managed-to-native) System.Reflection.RuntimeMethodInfo.InternalInvoke(System.Reflection.RuntimeMethodInfo,object,object[],System.Exception&)
  at System.Reflection.RuntimeMethodInfo.Invoke (System.Object obj, System.Reflection.BindingFlags invokeAttr, System.Reflection.Binder binder, System.Object[] parameters, System.Globalization.CultureInfo culture) [0x0006a] in <252f5a151e57406087568ebdeb88d5fe>:0 
   --- End of inner exception stack trace ---
  at System.Reflection.RuntimeMethodInfo.Invoke (System.Object obj, System.Reflection.BindingFlags invokeAttr, System.Reflection.Binder binder, System.Object[] parameters, System.Globalization.CultureInfo culture) [0x00083] in <252f5a151e57406087568ebdeb88d5fe>:0 
  at System.Reflection.MethodBase.Invoke (System.Object obj, System.Object[] parameters) [0x00000] in <252f5a151e57406087568ebdeb88d5fe>:0 
  at UnityEditor.EditorAssemblies.ProcessInitializeOnLoadMethodAttributes () [0x000a5] in <4ce403b7cdf744109283ae55cdc24285>:0 
UnityEngine.StackTraceUtility:ExtractStackTrace ()
UnityEngine.DebugLogHandler:LogFormat (UnityEngine.LogType,UnityEngine.Object,string,object[])
UnityEngine.Logger:Log (UnityEngine.LogType,object)
UnityEngine.Debug:LogError (object)
UnityEditor.EditorAssemblies:ProcessInitializeOnLoadMethodAttributes ()

Mono: successfully reloaded assembly
[Package Manager] Server::EnsureServerProcessIsRunning -- launch failed, reason: Unity was launched with the -noUpm command-line argument
[Package Manager] UpmClient::Send -- Unable to send message (not connected to UPM process).
[Package Manager] Cannot connect to Unity Package Manager local server
- Completed reload, in  0.970 seconds
Domain Reload Profiling:
	ReloadAssembly (971ms)
		BeginReloadAssembly (101ms)
			ExecutionOrderSort (0ms)
			DisableScriptedObjects (3ms)
			BackupInstance (0ms)
			ReleaseScriptingObjects (0ms)
			CreateAndSetChildDomain (32ms)
		EndReloadAssembly (794ms)
			LoadAssemblies (73ms)
			RebuildTransferFunctionScriptingTraits (0ms)
			SetupTypeCache (221ms)
				TypeCache.Initialize (211ms)
					TypeCache.ScanAssembly (207ms)
				ResolveRequiredComponents (10ms)
			ReleaseScriptCaches (2ms)
			RebuildScriptCaches (47ms)
			SetupLoadedEditorAssemblies (380ms)
				LogAssemblyErrors (0ms)
				InitializePlatformSupportModulesInManaged (15ms)
				SetLoadedEditorAssemblies (6ms)
				RefreshPlugins (2ms)
				BeforeProcessingInitializeOnLoad (78ms)
				ProcessInitializeOnLoadAttributes (212ms)
				ProcessInitializeOnLoadMethodAttributes (64ms)
				AfterProcessingInitializeOnLoad (4ms)
				EditorAssembliesLoaded (0ms)
			ExecutionOrderSort2 (0ms)
			AwakeInstancesAfterBackupRestoration (12ms)
Platform modules already initialized, skipping
Refreshing native plugins compatible for Editor in 3.76 ms, found 11 plugins.
Preloading 1 native plugins for Editor in 0.05 ms.
Unloading 5856 Unused Serialized files (Serialized files now loaded: 0)
Unloading 43 unused Assets / (349.3 KB). Loaded Objects now: 6489.
Memory consumption went from 0.92 GB to 0.92 GB.
Total: 3.106500 ms (FindLiveObjects: 0.274600 ms CreateObjectMapping: 0.174800 ms MarkObjects: 2.587500 ms  DeleteObjects: 0.068500 ms)

AssetImportParameters requested are different than current active one (requested -> active):
  custom:video-decoder-ogg-theora: a1e56fd34408186e4bbccfd4996cb3dc -> 
  custom:container-muxer-webm: aa71ff27fc2769a1b78a27578f13a17b -> 
  custom:container-demuxer-webm: 4f35f7cbe854078d1ac9338744f61a02 -> 
  custom:video-encoder-webm-vp8: eb34c28f22e8b96e1ab97ce403110664 -> 
  custom:audio-encoder-webm-vorbis: bf7c407c2cedff20999df2af8eb42d56 -> 
  custom:framework-win-MediaFoundation: 216162199b28c13a410421893ffa2e32 -> 
  custom:container-demuxer-ogg: 62fdf1f143b41e24485cea50d1cbac27 -> 
  custom:video-decoder-webm-vp8: 9c59270c3fd7afecdb556c50c9e8de78 -> 
  custom:audio-decoder-ogg-vorbis: bf7c407c2cedff20999df2af8eb42d56 -> 
