Using pre-set license
Built from '2022.1/staging' branch; Version is '2022.1.23f1 (9636b062134a) revision 9844400'; Using compiler version '192829333'; Build Type 'Release'
OS: 'Windows 11  (10.0.22000) 64bit Professional' Language: 'en' Physical Memory: 16147 MB
BatchMode: 1, IsHumanControllingUs: 0, StartBugReporterOnCrash: 0, Is64bit: 1, IsPro: 1

COMMAND LINE ARGUMENTS:
C:\Program Files\Unity\Hub\Editor\2022.1.23f1\Editor\Unity.exe
-adb2
-batchMode
-noUpm
-name
AssetImportWorker0
-projectPath
C:/Users/habib/OneDrive/Desktop/First-RDW/First RDW
-logFile
Logs/AssetImportWorker0.log
-srvPort
52353
Successfully changed project path to: C:/Users/habib/OneDrive/Desktop/First-RDW/First RDW
C:/Users/habib/OneDrive/Desktop/First-RDW/First RDW
[UnityMemory] Configuration Parameters - Can be set up in boot.config
    "memorysetup-bucket-allocator-granularity=16"
    "memorysetup-bucket-allocator-bucket-count=8"
    "memorysetup-bucket-allocator-block-size=33554432"
    "memorysetup-bucket-allocator-block-count=8"
    "memorysetup-main-allocator-block-size=16777216"
    "memorysetup-thread-allocator-block-size=16777216"
    "memorysetup-gfx-main-allocator-block-size=16777216"
    "memorysetup-gfx-thread-allocator-block-size=16777216"
    "memorysetup-cache-allocator-block-size=4194304"
    "memorysetup-typetree-allocator-block-size=2097152"
    "memorysetup-profiler-bucket-allocator-granularity=16"
    "memorysetup-profiler-bucket-allocator-bucket-count=8"
    "memorysetup-profiler-bucket-allocator-block-size=33554432"
    "memorysetup-profiler-bucket-allocator-block-count=8"
    "memorysetup-profiler-allocator-block-size=16777216"
    "memorysetup-profiler-editor-allocator-block-size=1048576"
    "memorysetup-temp-allocator-size-main=16777216"
    "memorysetup-job-temp-allocator-block-size=2097152"
    "memorysetup-job-temp-allocator-block-size-background=1048576"
    "memorysetup-job-temp-allocator-reduction-small-platforms=262144"
    "memorysetup-temp-allocator-size-background-worker=32768"
    "memorysetup-temp-allocator-size-job-worker=262144"
    "memorysetup-temp-allocator-size-preload-manager=33554432"
    "memorysetup-temp-allocator-size-nav-mesh-worker=65536"
    "memorysetup-temp-allocator-size-audio-worker=65536"
    "memorysetup-temp-allocator-size-cloud-worker=32768"
    "memorysetup-temp-allocator-size-gi-baking-worker=262144"
    "memorysetup-temp-allocator-size-gfx=262144"
Refreshing native plugins compatible for Editor in 95.35 ms, found 11 plugins.
Preloading 1 native plugins for Editor in 0.45 ms.
Initialize engine version: 2022.1.23f1 (9636b062134a)
[Subsystems] Discovering subsystems at path C:/Program Files/Unity/Hub/Editor/2022.1.23f1/Editor/Data/Resources/UnitySubsystems
[Subsystems] Discovering subsystems at path C:/Users/habib/OneDrive/Desktop/First-RDW/First RDW/Assets
GfxDevice: creating device client; threaded=0; jobified=0
Direct3D:
    Version:  Direct3D 11.0 [level 11.1]
    Renderer: NVIDIA GeForce RTX 2070 (ID=0x1f02)
    Vendor:   NVIDIA
    VRAM:     8019 MB
    Driver:   31.0.15.2686
Initialize mono
Mono path[0] = 'C:/Program Files/Unity/Hub/Editor/2022.1.23f1/Editor/Data/Managed'
Mono path[1] = 'C:/Program Files/Unity/Hub/Editor/2022.1.23f1/Editor/Data/MonoBleedingEdge/lib/mono/unityjit-win32'
Mono config path = 'C:/Program Files/Unity/Hub/Editor/2022.1.23f1/Editor/Data/MonoBleedingEdge/etc'
Using monoOptions --debugger-agent=transport=dt_socket,embedding=1,server=y,suspend=n,address=127.0.0.1:56124
Begin MonoManager ReloadAssembly
Registering precompiled unity dll's ...
Register platform support module: C:/Program Files/Unity/Hub/Editor/2022.1.23f1/Editor/Data/PlaybackEngines/AndroidPlayer/UnityEditor.Android.Extensions.dll
Register platform support module: C:/Program Files/Unity/Hub/Editor/2022.1.23f1/Editor/Data/PlaybackEngines/WindowsStandaloneSupport/UnityEditor.WindowsStandalone.Extensions.dll
Registered in 0.003041 seconds.
Native extension for WindowsStandalone target not found
Native extension for Android target not found
Refreshing native plugins compatible for Editor in 88.58 ms, found 11 plugins.
Preloading 1 native plugins for Editor in 0.08 ms.
Mono: successfully reloaded assembly
- Completed reload, in  0.515 seconds
Domain Reload Profiling:
	ReloadAssembly (516ms)
		BeginReloadAssembly (53ms)
			ExecutionOrderSort (0ms)
			DisableScriptedObjects (0ms)
			BackupInstance (0ms)
			ReleaseScriptingObjects (0ms)
			CreateAndSetChildDomain (1ms)
		EndReloadAssembly (391ms)
			LoadAssemblies (51ms)
			RebuildTransferFunctionScriptingTraits (0ms)
			SetupTypeCache (78ms)
				TypeCache.Initialize (77ms)
					TypeCache.ScanAssembly (76ms)
				ResolveRequiredComponents (0ms)
			ReleaseScriptCaches (0ms)
			RebuildScriptCaches (22ms)
			SetupLoadedEditorAssemblies (247ms)
				LogAssemblyErrors (0ms)
				InitializePlatformSupportModulesInManaged (42ms)
				SetLoadedEditorAssemblies (8ms)
				RefreshPlugins (89ms)
				BeforeProcessingInitializeOnLoad (2ms)
				ProcessInitializeOnLoadAttributes (75ms)
				ProcessInitializeOnLoadMethodAttributes (32ms)
				AfterProcessingInitializeOnLoad (0ms)
				EditorAssembliesLoaded (0ms)
			ExecutionOrderSort2 (0ms)
			AwakeInstancesAfterBackupRestoration (0ms)
Platform modules already initialized, skipping
Registering precompiled user dll's ...
Registered in 0.006260 seconds.
Android Extension - Scanning For ADB Devices 618 ms
Begin MonoManager ReloadAssembly
Symbol file data-0000018A42D4B8C0 doesn't match image C:\Users\habib\OneDrive\Desktop\First-RDW\First RDW\Library\ScriptAssemblies\Unity.VSCode.Editor.dll
Symbol file LoadedFromMemory is not a mono symbol file
Symbol file data-0000018A420ECE20 doesn't match image C:\Users\habib\OneDrive\Desktop\First-RDW\First RDW\Library\ScriptAssemblies\Unity.InternalAPIEditorBridge.003.dll
Symbol file LoadedFromMemory is not a mono symbol file
Symbol file data-0000018A441C16C0 doesn't match image C:\Users\habib\OneDrive\Desktop\First-RDW\First RDW\Library\ScriptAssemblies\Unity.RenderPipelines.Universal.Shaders.dll
Symbol file LoadedFromMemory is not a mono symbol file
Symbol file data-0000018A43469010 doesn't match image C:\Users\habib\OneDrive\Desktop\First-RDW\First RDW\Library\ScriptAssemblies\Unity.TextMeshPro.Editor.dll
Symbol file LoadedFromMemory is not a mono symbol file
Symbol file data-0000018A41712E30 doesn't match image C:\Users\habib\OneDrive\Desktop\First-RDW\First RDW\Library\ScriptAssemblies\Unity.Services.Core.Telemetry.dll
Symbol file LoadedFromMemory is not a mono symbol file
Symbol file data-0000018A43070010 doesn't match image C:\Users\habib\OneDrive\Desktop\First-RDW\First RDW\Library\ScriptAssemblies\Unity.VectorGraphics.dll
Symbol file LoadedFromMemory is not a mono symbol file
Symbol file data-0000018A420ECE20 doesn't match image C:\Users\habib\OneDrive\Desktop\First-RDW\First RDW\Library\ScriptAssemblies\Unity.Services.Core.Networking.dll
Symbol file LoadedFromMemory is not a mono symbol file
Symbol file data-0000018A42D538D0 doesn't match image C:\Users\habib\OneDrive\Desktop\First-RDW\First RDW\Library\ScriptAssemblies\Unity.VisualScripting.State.Editor.dll
Symbol file LoadedFromMemory is not a mono symbol file
Symbol file data-0000018A431F4020 doesn't match image C:\Users\habib\OneDrive\Desktop\First-RDW\First RDW\Library\ScriptAssemblies\UnityEditor.TestRunner.dll
Symbol file LoadedFromMemory is not a mono symbol file
Symbol file data-0000018A430B9830 doesn't match image C:\Users\habib\OneDrive\Desktop\First-RDW\First RDW\Library\ScriptAssemblies\Unity.Searcher.Editor.dll
Symbol file LoadedFromMemory is not a mono symbol file
Symbol file data-0000018A420ECE20 doesn't match image C:\Users\habib\OneDrive\Desktop\First-RDW\First RDW\Library\ScriptAssemblies\Unity.VisualScripting.SettingsProvider.Editor.dll
Symbol file LoadedFromMemory is not a mono symbol file
Symbol file data-0000018A430B9830 doesn't match image C:\Users\habib\OneDrive\Desktop\First-RDW\First RDW\Library\ScriptAssemblies\Unity.Burst.CodeGen.dll
Symbol file LoadedFromMemory is not a mono symbol file
Symbol file data-0000018A420ECE20 doesn't match image C:\Users\habib\OneDrive\Desktop\First-RDW\First RDW\Library\ScriptAssemblies\Unity.ShaderGraph.Utilities.dll
Symbol file LoadedFromMemory is not a mono symbol file
Symbol file data-0000018A4320A230 doesn't match image C:\Users\habib\OneDrive\Desktop\First-RDW\First RDW\Library\ScriptAssemblies\UnityEditor.UI.dll
Symbol file LoadedFromMemory is not a mono symbol file
Symbol file data-0000018A42D73010 doesn't match image C:\Users\habib\OneDrive\Desktop\First-RDW\First RDW\Library\ScriptAssemblies\Unity.InputSystem.dll
Symbol file LoadedFromMemory is not a mono symbol file
Symbol file data-0000018A4321DE40 doesn't match image C:\Users\habib\OneDrive\Desktop\First-RDW\First RDW\Library\ScriptAssemblies\Unity.Rider.Editor.dll
Symbol file LoadedFromMemory is not a mono symbol file
Symbol file data-0000018A441C16C0 doesn't match image C:\Users\habib\OneDrive\Desktop\First-RDW\First RDW\Library\ScriptAssemblies\Unity.RenderPipelines.Core.ShaderLibrary.dll
Symbol file LoadedFromMemory is not a mono symbol file
Symbol file data-0000018A4322BE50 doesn't match image C:\Users\habib\OneDrive\Desktop\First-RDW\First RDW\Library\ScriptAssemblies\Unity.Services.Core.Internal.dll
Symbol file LoadedFromMemory is not a mono symbol file
Symbol file data-0000018A420ECE20 doesn't match image C:\Users\habib\OneDrive\Desktop\First-RDW\First RDW\Library\ScriptAssemblies\UnityEngine.SpatialTracking.dll
Symbol file LoadedFromMemory is not a mono symbol file
Symbol file data-0000018A43571020 doesn't match image C:\Users\habib\OneDrive\Desktop\First-RDW\First RDW\Library\ScriptAssemblies\UnityEngine.UI.dll
Symbol file LoadedFromMemory is not a mono symbol file
Symbol file data-0000018A420ECE20 doesn't match image C:\Users\habib\OneDrive\Desktop\First-RDW\First RDW\Library\ScriptAssemblies\Unity.Services.Core.Configuration.dll
Symbol file LoadedFromMemory is not a mono symbol file
Symbol file data-0000018A41712E30 doesn't match image C:\Users\habib\OneDrive\Desktop\First-RDW\First RDW\Library\ScriptAssemblies\Unity.XR.CoreUtils.Editor.dll
Symbol file LoadedFromMemory is not a mono symbol file
Symbol file data-0000018A42D73010 doesn't match image C:\Users\habib\OneDrive\Desktop\First-RDW\First RDW\Library\ScriptAssemblies\Unity.ShaderGraph.Editor.dll
Symbol file LoadedFromMemory is not a mono symbol file
Symbol file data-0000018A420ECE20 doesn't match image C:\Users\habib\OneDrive\Desktop\First-RDW\First RDW\Library\ScriptAssemblies\Unity.Services.Core.Configuration.Editor.dll
Symbol file LoadedFromMemory is not a mono symbol file
Symbol file data-0000018A41712E30 doesn't match image C:\Users\habib\OneDrive\Desktop\First-RDW\First RDW\Library\ScriptAssemblies\Unity.Services.Core.Registration.dll
Symbol file LoadedFromMemory is not a mono symbol file
Symbol file data-0000018A41712E30 doesn't match image C:\Users\habib\OneDrive\Desktop\First-RDW\First RDW\Library\ScriptAssemblies\Unity.Services.Core.Environments.Internal.dll
Symbol file LoadedFromMemory is not a mono symbol file
Symbol file data-0000018A41712E30 doesn't match image C:\Users\habib\OneDrive\Desktop\First-RDW\First RDW\Library\ScriptAssemblies\Unity.RenderPipeline.Universal.ShaderLibrary.dll
Symbol file LoadedFromMemory is not a mono symbol file
Symbol file data-0000018A4322BE50 doesn't match image C:\Users\habib\OneDrive\Desktop\First-RDW\First RDW\Library\ScriptAssemblies\Unity.XR.Management.dll
Symbol file LoadedFromMemory is not a mono symbol file
Symbol file data-0000018A4322BE50 doesn't match image C:\Users\habib\OneDrive\Desktop\First-RDW\First RDW\Library\ScriptAssemblies\Unity.CollabProxy.Editor.dll
Symbol file LoadedFromMemory is not a mono symbol file
Symbol file data-0000018A43231660 doesn't match image C:\Users\habib\OneDrive\Desktop\First-RDW\First RDW\Library\ScriptAssemblies\Unity.Mathematics.Editor.dll
Symbol file LoadedFromMemory is not a mono symbol file
Symbol file data-0000018A43231660 doesn't match image C:\Users\habib\OneDrive\Desktop\First-RDW\First RDW\Library\ScriptAssemblies\Unity.Services.Core.Threading.dll
Symbol file LoadedFromMemory is not a mono symbol file
Symbol file data-0000018A43231660 doesn't match image C:\Users\habib\OneDrive\Desktop\First-RDW\First RDW\Library\ScriptAssemblies\Unity.XR.OpenXR.Features.RuntimeDebugger.dll
Symbol file LoadedFromMemory is not a mono symbol file
Symbol file data-0000018A4359B430 doesn't match image C:\Users\habib\OneDrive\Desktop\First-RDW\First RDW\Library\ScriptAssemblies\Unity.XR.Oculus.Editor.dll
Symbol file LoadedFromMemory is not a mono symbol file
Symbol file data-0000018A4359B430 doesn't match image C:\Users\habib\OneDrive\Desktop\First-RDW\First RDW\Library\ScriptAssemblies\Unity.VisualScripting.Flow.Editor.dll
Symbol file LoadedFromMemory is not a mono symbol file
Symbol file data-0000018A3DB5ECA0 doesn't match image C:\Users\habib\OneDrive\Desktop\First-RDW\First RDW\Library\ScriptAssemblies\Unity.RenderPipelines.Universal.Runtime.dll
Symbol file LoadedFromMemory is not a mono symbol file
Symbol file data-0000018A43231660 doesn't match image C:\Users\habib\OneDrive\Desktop\First-RDW\First RDW\Library\ScriptAssemblies\PPv2URPConverters.dll
Symbol file LoadedFromMemory is not a mono symbol file
Symbol file data-0000018A42E0F020 doesn't match image C:\Users\habib\OneDrive\Desktop\First-RDW\First RDW\Library\ScriptAssemblies\Unity.VisualStudio.Editor.dll
Symbol file LoadedFromMemory is not a mono symbol file
Symbol file data-0000018A43231660 doesn't match image C:\Users\habib\OneDrive\Desktop\First-RDW\First RDW\Library\ScriptAssemblies\Unity.XR.OpenXR.Features.OculusQuestSupport.Editor.dll
Symbol file LoadedFromMemory is not a mono symbol file
Symbol file data-0000018A435B1E40 doesn't match image C:\Users\habib\OneDrive\Desktop\First-RDW\First RDW\Library\ScriptAssemblies\UnityEngine.TestRunner.dll
Symbol file LoadedFromMemory is not a mono symbol file
Symbol file data-0000018A42E0F020 doesn't match image C:\Users\habib\OneDrive\Desktop\First-RDW\First RDW\Library\ScriptAssemblies\Unity.XR.Management.Editor.dll
Symbol file LoadedFromMemory is not a mono symbol file
Symbol file data-0000018A3DBA14C0 doesn't match image C:\Users\habib\OneDrive\Desktop\First-RDW\First RDW\Library\ScriptAssemblies\Unity.Timeline.dll
Symbol file LoadedFromMemory is not a mono symbol file
Symbol file data-0000018A41EAC250 doesn't match image C:\Users\habib\OneDrive\Desktop\First-RDW\First RDW\Library\ScriptAssemblies\Unity.VisualScripting.Core.Editor.dll
Symbol file LoadedFromMemory is not a mono symbol file
Symbol file data-0000018A434CD010 doesn't match image C:\Users\habib\OneDrive\Desktop\First-RDW\First RDW\Library\ScriptAssemblies\Unity.TextMeshPro.dll
Symbol file LoadedFromMemory is not a mono symbol file
Symbol file data-0000018A43231660 doesn't match image C:\Users\habib\OneDrive\Desktop\First-RDW\First RDW\Library\ScriptAssemblies\Unity.InternalAPIEngineBridge.003.dll
Symbol file LoadedFromMemory is not a mono symbol file
Symbol file data-0000018A3DBA14C0 doesn't match image C:\Users\habib\OneDrive\Desktop\First-RDW\First RDW\Library\ScriptAssemblies\Unity.Burst.Editor.dll
Symbol file LoadedFromMemory is not a mono symbol file
Symbol file data-0000018A434F6020 doesn't match image C:\Users\habib\OneDrive\Desktop\First-RDW\First RDW\Library\ScriptAssemblies\Unity.XR.Interaction.Toolkit.dll
Symbol file LoadedFromMemory is not a mono symbol file
Symbol file data-0000018A43231660 doesn't match image C:\Users\habib\OneDrive\Desktop\First-RDW\First RDW\Library\ScriptAssemblies\Unity.XR.OpenXR.Features.MockRuntime.dll
Symbol file LoadedFromMemory is not a mono symbol file
Symbol file data-0000018A41F18260 doesn't match image C:\Users\habib\OneDrive\Desktop\First-RDW\First RDW\Library\ScriptAssemblies\Unity.2D.Sprite.Editor.dll
Symbol file LoadedFromMemory is not a mono symbol file
Symbol file data-0000018A3DBCD010 doesn't match image C:\Users\habib\OneDrive\Desktop\First-RDW\First RDW\Library\ScriptAssemblies\Unity.RenderPipelines.Core.Runtime.dll
Symbol file LoadedFromMemory is not a mono symbol file
Symbol file data-0000018A3DC23E20 doesn't match image C:\Users\habib\OneDrive\Desktop\First-RDW\First RDW\Library\ScriptAssemblies\Unity.VisualScripting.Flow.dll
Symbol file LoadedFromMemory is not a mono symbol file
Symbol file data-0000018A42F3C010 doesn't match image C:\Users\habib\OneDrive\Desktop\First-RDW\First RDW\Library\ScriptAssemblies\Unity.PlasticSCM.Editor.dll
Symbol file LoadedFromMemory is not a mono symbol file
Symbol file data-0000018A43231660 doesn't match image C:\Users\habib\OneDrive\Desktop\First-RDW\First RDW\Library\ScriptAssemblies\Unity.XR.OpenXR.Features.OculusQuestSupport.dll
Symbol file LoadedFromMemory is not a mono symbol file
Symbol file data-0000018A43231660 doesn't match image C:\Users\habib\OneDrive\Desktop\First-RDW\First RDW\Library\ScriptAssemblies\Unity.Services.Core.dll
Symbol file LoadedFromMemory is not a mono symbol file
Symbol file data-0000018A41A6DC80 doesn't match image C:\Users\habib\OneDrive\Desktop\First-RDW\First RDW\Library\ScriptAssemblies\Unity.VisualScripting.Core.dll
Symbol file LoadedFromMemory is not a mono symbol file
Symbol file data-0000018A41A6DC80 doesn't match image C:\Users\habib\OneDrive\Desktop\First-RDW\First RDW\Library\ScriptAssemblies\Unity.Mathematics.dll
Symbol file LoadedFromMemory is not a mono symbol file
Symbol file data-0000018A42E0F020 doesn't match image C:\Users\habib\OneDrive\Desktop\First-RDW\First RDW\Library\ScriptAssemblies\Unity.Services.Core.Editor.dll
Symbol file LoadedFromMemory is not a mono symbol file
Symbol file data-0000018A43231660 doesn't match image C:\Users\habib\OneDrive\Desktop\First-RDW\First RDW\Library\ScriptAssemblies\Unity.Services.Core.Analytics.dll
Symbol file LoadedFromMemory is not a mono symbol file
Symbol file data-0000018A3DCF6830 doesn't match image C:\Users\habib\OneDrive\Desktop\First-RDW\First RDW\Library\ScriptAssemblies\Unity.Burst.dll
Symbol file LoadedFromMemory is not a mono symbol file
Symbol file data-0000018A3DCF6830 doesn't match image C:\Users\habib\OneDrive\Desktop\First-RDW\First RDW\Library\ScriptAssemblies\Unity.RenderPipelines.Universal.Editor.dll
Symbol file LoadedFromMemory is not a mono symbol file
Symbol file data-0000018A3DBB14D0 doesn't match image C:\Users\habib\OneDrive\Desktop\First-RDW\First RDW\Library\ScriptAssemblies\UnityEngine.XR.LegacyInputHelpers.dll
Symbol file LoadedFromMemory is not a mono symbol file
Symbol file data-0000018A432BEC30 doesn't match image C:\Users\habib\OneDrive\Desktop\First-RDW\First RDW\Library\ScriptAssemblies\Unity.VisualScripting.Shared.Editor.dll
Symbol file LoadedFromMemory is not a mono symbol file
Symbol file data-0000018A42E0F020 doesn't match image C:\Users\habib\OneDrive\Desktop\First-RDW\First RDW\Library\ScriptAssemblies\Unity.XR.OpenXR.Editor.dll
Symbol file LoadedFromMemory is not a mono symbol file
Symbol file data-0000018A432BEC30 doesn't match image C:\Users\habib\OneDrive\Desktop\First-RDW\First RDW\Library\ScriptAssemblies\Unity.Services.Core.Environments.dll
Symbol file LoadedFromMemory is not a mono symbol file
Symbol file data-0000018A3DBB14D0 doesn't match image C:\Users\habib\OneDrive\Desktop\First-RDW\First RDW\Library\ScriptAssemblies\Unity.Services.Core.Scheduler.dll
Symbol file LoadedFromMemory is not a mono symbol file
Symbol file data-0000018A41AC7290 doesn't match image C:\Users\habib\OneDrive\Desktop\First-RDW\First RDW\Library\ScriptAssemblies\Unity.Timeline.Editor.dll
Symbol file LoadedFromMemory is not a mono symbol file
Symbol file data-0000018A42E0F020 doesn't match image C:\Users\habib\OneDrive\Desktop\First-RDW\First RDW\Library\ScriptAssemblies\Unity.XR.CoreUtils.dll
Symbol file LoadedFromMemory is not a mono symbol file
Symbol file data-0000018A432BEC30 doesn't match image C:\Users\habib\OneDrive\Desktop\First-RDW\First RDW\Library\ScriptAssemblies\Unity.RenderPipelines.ShaderGraph.ShaderGraphLibrary.dll
Symbol file LoadedFromMemory is not a mono symbol file
Symbol file data-0000018A42E0F020 doesn't match image C:\Users\habib\OneDrive\Desktop\First-RDW\First RDW\Library\ScriptAssemblies\UnityEditor.XR.LegacyInputHelpers.dll
Symbol file LoadedFromMemory is not a mono symbol file
Symbol file data-0000018A41A43B90 doesn't match image C:\Users\habib\OneDrive\Desktop\First-RDW\First RDW\Library\ScriptAssemblies\Unity.VectorGraphics.Editor.dll
Symbol file LoadedFromMemory is not a mono symbol file
Symbol file data-0000018A41A5FFA0 doesn't match image C:\Users\habib\OneDrive\Desktop\First-RDW\First RDW\Library\ScriptAssemblies\Unity.XR.OpenXR.dll
Symbol file LoadedFromMemory is not a mono symbol file
Symbol file data-0000018A3DD1E040 doesn't match image C:\Users\habib\OneDrive\Desktop\First-RDW\First RDW\Library\ScriptAssemblies\Unity.XR.Interaction.Toolkit.Editor.dll
Symbol file LoadedFromMemory is not a mono symbol file
Symbol file data-0000018A3DD1E040 doesn't match image C:\Users\habib\OneDrive\Desktop\First-RDW\First RDW\Library\ScriptAssemblies\Unity.XR.Oculus.dll
Symbol file LoadedFromMemory is not a mono symbol file
Symbol file data-0000018A42E19A30 doesn't match image C:\Users\habib\OneDrive\Desktop\First-RDW\First RDW\Library\ScriptAssemblies\UnityEditor.SpatialTracking.dll
Symbol file LoadedFromMemory is not a mono symbol file
Symbol file data-0000018A42E19A30 doesn't match image C:\Users\habib\OneDrive\Desktop\First-RDW\First RDW\Library\ScriptAssemblies\Unity.XR.OpenXR.Features.ConformanceAutomation.dll
Symbol file LoadedFromMemory is not a mono symbol file
Symbol file data-0000018A42FCB220 doesn't match image C:\Users\habib\OneDrive\Desktop\First-RDW\First RDW\Library\ScriptAssemblies\Unity.RenderPipelines.Core.Editor.dll
Symbol file LoadedFromMemory is not a mono symbol file
Symbol file data-0000018A42E19A30 doesn't match image C:\Users\habib\OneDrive\Desktop\First-RDW\First RDW\Library\ScriptAssemblies\Unity.XR.OpenXR.Features.RuntimeDebugger.Editor.dll
Symbol file LoadedFromMemory is not a mono symbol file
Symbol file data-0000018A3DD25050 doesn't match image C:\Users\habib\OneDrive\Desktop\First-RDW\First RDW\Library\ScriptAssemblies\Unity.VisualScripting.State.dll
Symbol file LoadedFromMemory is not a mono symbol file
Symbol file data-0000018A42E19A30 doesn't match image C:\Users\habib\OneDrive\Desktop\First-RDW\First RDW\Library\ScriptAssemblies\Unity.Services.Core.Device.dll
Symbol file LoadedFromMemory is not a mono symbol file
Symbol file LoadedFromMemory doesn't match image C:\Users\habib\OneDrive\Desktop\First-RDW\First RDW\Library\PackageCache\com.unity.visualscripting@1.7.8\Editor\VisualScripting.Core\Dependencies\DotNetZip\Unity.VisualScripting.IonicZip.dll
Symbol file LoadedFromMemory doesn't match image C:\Users\habib\OneDrive\Desktop\First-RDW\First RDW\Library\PackageCache\com.unity.visualscripting@1.7.8\Editor\VisualScripting.Core\Dependencies\YamlDotNet\Unity.VisualScripting.YamlDotNet.dll
Native extension for WindowsStandalone target not found
Native extension for Android target not found
Refreshing native plugins compatible for Editor in 104.64 ms, found 11 plugins.
Preloading 1 native plugins for Editor in 0.08 ms.
Package Manager log level set to [2]
[Package Manager] Server::EnsureServerProcessIsRunning -- launch failed, reason: Unity was launched with the -noUpm command-line argument
[Package Manager] UpmClient::Send -- Unable to send message (not connected to UPM process).
[Package Manager] Cannot connect to Unity Package Manager local server
System.Reflection.TargetInvocationException: Exception has been thrown by the target of an invocation. ---> System.NullReferenceException: Object reference not set to an instance of an object
  at Unity.XR.Oculus.OculusLoader.AssetPathToAbsolutePath (System.String assetPath) [0x00047] in <53a72eedeaab4a66b5f0de8d500e29b5>:0 
  at Unity.XR.Oculus.OculusLoader.EditorLoadOVRPlugin () [0x000b0] in <53a72eedeaab4a66b5f0de8d500e29b5>:0 
  at (wrapper managed-to-native) System.Reflection.RuntimeMethodInfo.InternalInvoke(System.Reflection.RuntimeMethodInfo,object,object[],System.Exception&)
  at System.Reflection.RuntimeMethodInfo.Invoke (System.Object obj, System.Reflection.BindingFlags invokeAttr, System.Reflection.Binder binder, System.Object[] parameters, System.Globalization.CultureInfo culture) [0x0006a] in <252f5a151e57406087568ebdeb88d5fe>:0 
   --- End of inner exception stack trace ---
  at System.Reflection.RuntimeMethodInfo.Invoke (System.Object obj, System.Reflection.BindingFlags invokeAttr, System.Reflection.Binder binder, System.Object[] parameters, System.Globalization.CultureInfo culture) [0x00083] in <252f5a151e57406087568ebdeb88d5fe>:0 
  at System.Reflection.MethodBase.Invoke (System.Object obj, System.Object[] parameters) [0x00000] in <252f5a151e57406087568ebdeb88d5fe>:0 
  at UnityEditor.EditorAssemblies.ProcessInitializeOnLoadMethodAttributes () [0x000a5] in <4ce403b7cdf744109283ae55cdc24285>:0 
UnityEngine.StackTraceUtility:ExtractStackTrace ()
UnityEngine.DebugLogHandler:LogFormat (UnityEngine.LogType,UnityEngine.Object,string,object[])
UnityEngine.Logger:Log (UnityEngine.LogType,object)
UnityEngine.Debug:LogError (object)
UnityEditor.EditorAssemblies:ProcessInitializeOnLoadMethodAttributes ()

Mono: successfully reloaded assembly
[Package Manager] Server::EnsureServerProcessIsRunning -- launch failed, reason: Unity was launched with the -noUpm command-line argument
[Package Manager] UpmClient::Send -- Unable to send message (not connected to UPM process).
[Package Manager] Cannot connect to Unity Package Manager local server
[Package Manager] Server::EnsureServerProcessIsRunning -- launch failed, reason: Unity was launched with the -noUpm command-line argument
[Package Manager] UpmClient::Send -- Unable to send message (not connected to UPM process).
[Package Manager] Cannot connect to Unity Package Manager local server
- Completed reload, in  1.205 seconds
Domain Reload Profiling:
	ReloadAssembly (1206ms)
		BeginReloadAssembly (89ms)
			ExecutionOrderSort (0ms)
			DisableScriptedObjects (4ms)
			BackupInstance (0ms)
			ReleaseScriptingObjects (0ms)
			CreateAndSetChildDomain (16ms)
		EndReloadAssembly (1016ms)
			LoadAssemblies (76ms)
			RebuildTransferFunctionScriptingTraits (0ms)
			SetupTypeCache (250ms)
				TypeCache.Initialize (242ms)
					TypeCache.ScanAssembly (238ms)
				ResolveRequiredComponents (8ms)
			ReleaseScriptCaches (1ms)
			RebuildScriptCaches (64ms)
			SetupLoadedEditorAssemblies (574ms)
				LogAssemblyErrors (0ms)
				InitializePlatformSupportModulesInManaged (11ms)
				SetLoadedEditorAssemblies (6ms)
				RefreshPlugins (105ms)
				BeforeProcessingInitializeOnLoad (95ms)
				ProcessInitializeOnLoadAttributes (269ms)
				ProcessInitializeOnLoadMethodAttributes (84ms)
				AfterProcessingInitializeOnLoad (4ms)
				EditorAssembliesLoaded (0ms)
			ExecutionOrderSort2 (0ms)
			AwakeInstancesAfterBackupRestoration (4ms)
Platform modules already initialized, skipping
========================================================================
Worker process is ready to serve import requests
Launched and connected shader compiler UnityShaderCompiler.exe after 0.03 seconds
Refreshing native plugins compatible for Editor in 1.18 ms, found 11 plugins.
Preloading 1 native plugins for Editor in 0.07 ms.
Unloading 6043 Unused Serialized files (Serialized files now loaded: 0)
Unloading 53 unused Assets / (390.1 KB). Loaded Objects now: 6491.
Memory consumption went from 0.94 GB to 0.94 GB.
Total: 3.901700 ms (FindLiveObjects: 0.348500 ms CreateObjectMapping: 0.205200 ms MarkObjects: 3.179900 ms  DeleteObjects: 0.166300 ms)

AssetImportParameters requested are different than current active one (requested -> active):
  custom:video-decoder-ogg-theora: a1e56fd34408186e4bbccfd4996cb3dc -> 
  custom:container-muxer-webm: aa71ff27fc2769a1b78a27578f13a17b -> 
  custom:container-demuxer-webm: 4f35f7cbe854078d1ac9338744f61a02 -> 
  custom:video-encoder-webm-vp8: eb34c28f22e8b96e1ab97ce403110664 -> 
  custom:audio-encoder-webm-vorbis: bf7c407c2cedff20999df2af8eb42d56 -> 
  custom:framework-win-MediaFoundation: 216162199b28c13a410421893ffa2e32 -> 
  custom:container-demuxer-ogg: 62fdf1f143b41e24485cea50d1cbac27 -> 
  custom:video-decoder-webm-vp8: 9c59270c3fd7afecdb556c50c9e8de78 -> 
  custom:audio-decoder-ogg-vorbis: bf7c407c2cedff20999df2af8eb42d56 -> 
========================================================================
Received Import Request.
  Time since last request: 3834.970673 seconds.
  path: Assets/Scripts/Linw.cs
  artifactKey: Guid(7dfb0dbec0fc2fa458f1eba449744b7a) Importer(815301076,1909f56bfc062723c751e8b465ee728b)
Start importing Assets/Scripts/Linw.cs using Guid(7dfb0dbec0fc2fa458f1eba449744b7a) Importer(815301076,1909f56bfc062723c751e8b465ee728b)  -> (artifact id: 'd24e8bede4f939157b42e1e0d0a31ff7') in 0.023042 seconds 
========================================================================
Received Import Request.
  Time since last request: 53.601648 seconds.
  path: Assets/zigzag.fbx
  artifactKey: Guid(cf02d4c11d4c2d643802bf9be117673b) Importer(815301076,1909f56bfc062723c751e8b465ee728b)
Start importing Assets/zigzag.fbx using Guid(cf02d4c11d4c2d643802bf9be117673b) Importer(815301076,1909f56bfc062723c751e8b465ee728b)  -> (artifact id: 'b95d40292577d3aeafe3d4ed182385a2') in 0.224939 seconds 
========================================================================
Received Import Request.
  Time since last request: 3.845941 seconds.
  path: Assets/Vector_zigzag.svg
  artifactKey: Guid(54a102666946d434f8cb239a4f86b73e) Importer(815301076,1909f56bfc062723c751e8b465ee728b)
Start importing Assets/Vector_zigzag.svg using Guid(54a102666946d434f8cb239a4f86b73e) Importer(815301076,1909f56bfc062723c751e8b465ee728b)  -> (artifact id: '7d8c1dc1928c8a866c02691ac0f32954') in 0.032024 seconds 
========================================================================
Received Import Request.
  Time since last request: 368.129269 seconds.
  path: ProjectSettings/TagManager.asset
  artifactKey: Guid(00000000000000003000000000000000) Importer(815301076,1909f56bfc062723c751e8b465ee728b)
Start importing ProjectSettings/TagManager.asset using Guid(00000000000000003000000000000000) Importer(815301076,1909f56bfc062723c751e8b465ee728b)  -> (artifact id: '95005bb719297154172aa37db79aa18d') in 0.003677 seconds 
========================================================================
Received Import Request.
  Time since last request: 17.198127 seconds.
  path: Assets/SAColliderBuilder
  artifactKey: Guid(59e8fac76ee0a83449b9662555fccbf1) Importer(815301076,1909f56bfc062723c751e8b465ee728b)
Start importing Assets/SAColliderBuilder using Guid(59e8fac76ee0a83449b9662555fccbf1) Importer(815301076,1909f56bfc062723c751e8b465ee728b)  -> (artifact id: 'b00fea7c9783f4c75b0506654225a033') in 0.001791 seconds 
========================================================================
Received Prepare
Refreshing native plugins compatible for Editor in 8.07 ms, found 11 plugins.
Preloading 1 native plugins for Editor in 0.06 ms.
Unloading 43 Unused Serialized files (Serialized files now loaded: 0)
Unloading 44 unused Assets / (346.6 KB). Loaded Objects now: 6585.
Memory consumption went from 142.4 MB to 142.0 MB.
Total: 4.670900 ms (FindLiveObjects: 0.321900 ms CreateObjectMapping: 0.211900 ms MarkObjects: 4.066000 ms  DeleteObjects: 0.069900 ms)

AssetImportParameters requested are different than current active one (requested -> active):
  custom:video-decoder-ogg-theora: a1e56fd34408186e4bbccfd4996cb3dc -> 
  custom:container-muxer-webm: aa71ff27fc2769a1b78a27578f13a17b -> 
  custom:container-demuxer-webm: 4f35f7cbe854078d1ac9338744f61a02 -> 
  custom:video-encoder-webm-vp8: eb34c28f22e8b96e1ab97ce403110664 -> 
  custom:audio-encoder-webm-vorbis: bf7c407c2cedff20999df2af8eb42d56 -> 
  custom:framework-win-MediaFoundation: 216162199b28c13a410421893ffa2e32 -> 
  custom:container-demuxer-ogg: 62fdf1f143b41e24485cea50d1cbac27 -> 
  custom:video-decoder-webm-vp8: 9c59270c3fd7afecdb556c50c9e8de78 -> 
  custom:audio-decoder-ogg-vorbis: bf7c407c2cedff20999df2af8eb42d56 -> 
========================================================================
Received Prepare
Refreshing native plugins compatible for Editor in 7.03 ms, found 11 plugins.
Preloading 1 native plugins for Editor in 0.06 ms.
Unloading 43 Unused Serialized files (Serialized files now loaded: 0)
Unloading 43 unused Assets / (346.6 KB). Loaded Objects now: 6585.
Memory consumption went from 142.4 MB to 142.0 MB.
Total: 4.419200 ms (FindLiveObjects: 0.339300 ms CreateObjectMapping: 0.200300 ms MarkObjects: 3.808800 ms  DeleteObjects: 0.069500 ms)

AssetImportParameters requested are different than current active one (requested -> active):
  custom:video-decoder-ogg-theora: a1e56fd34408186e4bbccfd4996cb3dc -> 
  custom:container-muxer-webm: aa71ff27fc2769a1b78a27578f13a17b -> 
  custom:container-demuxer-webm: 4f35f7cbe854078d1ac9338744f61a02 -> 
  custom:video-encoder-webm-vp8: eb34c28f22e8b96e1ab97ce403110664 -> 
  custom:audio-encoder-webm-vorbis: bf7c407c2cedff20999df2af8eb42d56 -> 
  custom:framework-win-MediaFoundation: 216162199b28c13a410421893ffa2e32 -> 
  custom:container-demuxer-ogg: 62fdf1f143b41e24485cea50d1cbac27 -> 
  custom:video-decoder-webm-vp8: 9c59270c3fd7afecdb556c50c9e8de78 -> 
  custom:audio-decoder-ogg-vorbis: bf7c407c2cedff20999df2af8eb42d56 -> 
========================================================================
Received Prepare
Refreshing native plugins compatible for Editor in 7.66 ms, found 11 plugins.
Preloading 1 native plugins for Editor in 0.06 ms.
Unloading 43 Unused Serialized files (Serialized files now loaded: 0)
Unloading 43 unused Assets / (346.7 KB). Loaded Objects now: 6585.
Memory consumption went from 142.4 MB to 142.0 MB.
Total: 3.302400 ms (FindLiveObjects: 0.355700 ms CreateObjectMapping: 0.200000 ms MarkObjects: 2.679500 ms  DeleteObjects: 0.066500 ms)

AssetImportParameters requested are different than current active one (requested -> active):
  custom:video-decoder-ogg-theora: a1e56fd34408186e4bbccfd4996cb3dc -> 
  custom:container-muxer-webm: aa71ff27fc2769a1b78a27578f13a17b -> 
  custom:container-demuxer-webm: 4f35f7cbe854078d1ac9338744f61a02 -> 
  custom:video-encoder-webm-vp8: eb34c28f22e8b96e1ab97ce403110664 -> 
  custom:audio-encoder-webm-vorbis: bf7c407c2cedff20999df2af8eb42d56 -> 
  custom:framework-win-MediaFoundation: 216162199b28c13a410421893ffa2e32 -> 
  custom:container-demuxer-ogg: 62fdf1f143b41e24485cea50d1cbac27 -> 
  custom:video-decoder-webm-vp8: 9c59270c3fd7afecdb556c50c9e8de78 -> 
  custom:audio-decoder-ogg-vorbis: bf7c407c2cedff20999df2af8eb42d56 -> 
